The system is: Linux - 6.5.0-28-generic - x86_64
Compiling the C compiler identification source file "CMakeCCompilerId.c" succeeded.
Compiler: /usr/local/aarch64-none-linux-gnu-arm-9.2-2019.12/bin/aarch64-none-linux-gnu-gcc 
Build flags: 
Id flags:  

The output was:
0


Compilation of the C compiler identification source "CMakeCCompilerId.c" produced "a.out"

The C compiler identification is GNU, found in "/tmp/tmp.A9tFlhwc1F/cmake-build-debug/CMakeFiles/3.22.1/CompilerIdC/a.out"

Compiling the CXX compiler identification source file "CMakeCXXCompilerId.cpp" succeeded.
Compiler: /usr/local/aarch64-none-linux-gnu-arm-9.2-2019.12/bin/aarch64-none-linux-gnu-g++ 
Build flags: 
Id flags:  

The output was:
0


Compilation of the CXX compiler identification source "CMakeCXXCompilerId.cpp" produced "a.out"

The CXX compiler identification is GNU, found in "/tmp/tmp.A9tFlhwc1F/cmake-build-debug/CMakeFiles/3.22.1/CompilerIdCXX/a.out"

Detecting C compiler ABI info compiled with the following output:
Change Dir: /tmp/tmp.A9tFlhwc1F/cmake-build-debug/CMakeFiles/CMakeTmp

Run Build Command(s):/usr/bin/make -f Makefile cmTC_ffd7b/fast && /usr/bin/make  -f CMakeFiles/cmTC_ffd7b.dir/build.make CMakeFiles/cmTC_ffd7b.dir/build
make[1]: Entering directory '/tmp/tmp.A9tFlhwc1F/cmake-build-debug/CMakeFiles/CMakeTmp'
Building C object CMakeFiles/cmTC_ffd7b.dir/CMakeCCompilerABI.c.o
/usr/local/aarch64-none-linux-gnu-arm-9.2-2019.12/bin/aarch64-none-linux-gnu-gcc   -v -o CMakeFiles/cmTC_ffd7b.dir/CMakeCCompilerABI.c.o -c /usr/share/cmake-3.22/Modules/CMakeCCompilerABI.c
Using built-in specs.
COLLECT_GCC=/usr/local/aarch64-none-linux-gnu-arm-9.2-2019.12/bin/aarch64-none-linux-gnu-gcc
Target: aarch64-none-linux-gnu
Configured with: /tmp/dgboter/bbs/rhev-vm2--rhe6x86_64/buildbot/rhe6x86_64--aarch64-none-linux-gnu/build/src/gcc/configure --target=aarch64-none-linux-gnu --prefix= --with-sysroot=/aarch64-none-linux-gnu/libc --with-build-sysroot=/tmp/dgboter/bbs/rhev-vm2--rhe6x86_64/buildbot/rhe6x86_64--aarch64-none-linux-gnu/build/build-aarch64-none-linux-gnu/install//aarch64-none-linux-gnu/libc --with-bugurl=https://bugs.linaro.org/ --enable-gnu-indirect-function --enable-shared --disable-libssp --disable-libmudflap --enable-checking=release --enable-languages=c,c++,fortran --with-gmp=/tmp/dgboter/bbs/rhev-vm2--rhe6x86_64/buildbot/rhe6x86_64--aarch64-none-linux-gnu/build/build-aarch64-none-linux-gnu/host-tools --with-mpfr=/tmp/dgboter/bbs/rhev-vm2--rhe6x86_64/buildbot/rhe6x86_64--aarch64-none-linux-gnu/build/build-aarch64-none-linux-gnu/host-tools --with-mpc=/tmp/dgboter/bbs/rhev-vm2--rhe6x86_64/buildbot/rhe6x86_64--aarch64-none-linux-gnu/build/build-aarch64-none-linux-gnu/host-tools --with-isl=/tmp/dgboter/bbs/rhev-vm2--rhe6x86_64/buildbot/rhe6x86_64--aarch64-none-linux-gnu/build/build-aarch64-none-linux-gnu/host-tools --enable-fix-cortex-a53-843419 --with-pkgversion='GNU Toolchain for the A-profile Architecture 9.2-2019.12 (arm-9.10)'
Thread model: posix
gcc version 9.2.1 20191025 (GNU Toolchain for the A-profile Architecture 9.2-2019.12 (arm-9.10)) 
COLLECT_GCC_OPTIONS='-v' '-o' 'CMakeFiles/cmTC_ffd7b.dir/CMakeCCompilerABI.c.o' '-c' '-mlittle-endian' '-mabi=lp64'
 /usr/local/aarch64-none-linux-gnu-arm-9.2-2019.12/bin/../libexec/gcc/aarch64-none-linux-gnu/9.2.1/cc1 -quiet -v -iprefix /usr/local/aarch64-none-linux-gnu-arm-9.2-2019.12/bin/../lib/gcc/aarch64-none-linux-gnu/9.2.1/ -isysroot /usr/local/aarch64-none-linux-gnu-arm-9.2-2019.12/bin/../aarch64-none-linux-gnu/libc /usr/share/cmake-3.22/Modules/CMakeCCompilerABI.c -quiet -dumpbase CMakeCCompilerABI.c -mlittle-endian -mabi=lp64 -auxbase-strip CMakeFiles/cmTC_ffd7b.dir/CMakeCCompilerABI.c.o -version -o /tmp/ccH1OESJ.s
GNU C17 (GNU Toolchain for the A-profile Architecture 9.2-2019.12 (arm-9.10)) version 9.2.1 20191025 (aarch64-none-linux-gnu)
	compiled by GNU C version 4.8.1, GMP version 4.3.2, MPFR version 3.1.6, MPC version 1.0.3, isl version isl-0.15-1-g835ea3a-GMP

GGC heuristics: --param ggc-min-expand=100 --param ggc-min-heapsize=131072
ignoring duplicate directory "/usr/local/aarch64-none-linux-gnu-arm-9.2-2019.12/bin/../lib/gcc/../../lib/gcc/aarch64-none-linux-gnu/9.2.1/include"
ignoring nonexistent directory "/usr/local/aarch64-none-linux-gnu-arm-9.2-2019.12/bin/../aarch64-none-linux-gnu/libc/usr/local/include"
ignoring duplicate directory "/usr/local/aarch64-none-linux-gnu-arm-9.2-2019.12/bin/../lib/gcc/../../lib/gcc/aarch64-none-linux-gnu/9.2.1/include-fixed"
ignoring duplicate directory "/usr/local/aarch64-none-linux-gnu-arm-9.2-2019.12/bin/../lib/gcc/../../lib/gcc/aarch64-none-linux-gnu/9.2.1/../../../../aarch64-none-linux-gnu/include"
#include "..." search starts here:
#include <...> search starts here:
 /usr/local/aarch64-none-linux-gnu-arm-9.2-2019.12/bin/../lib/gcc/aarch64-none-linux-gnu/9.2.1/include
 /usr/local/aarch64-none-linux-gnu-arm-9.2-2019.12/bin/../lib/gcc/aarch64-none-linux-gnu/9.2.1/include-fixed
 /usr/local/aarch64-none-linux-gnu-arm-9.2-2019.12/bin/../lib/gcc/aarch64-none-linux-gnu/9.2.1/../../../../aarch64-none-linux-gnu/include
 /usr/local/aarch64-none-linux-gnu-arm-9.2-2019.12/bin/../aarch64-none-linux-gnu/libc/usr/include
End of search list.
GNU C17 (GNU Toolchain for the A-profile Architecture 9.2-2019.12 (arm-9.10)) version 9.2.1 20191025 (aarch64-none-linux-gnu)
	compiled by GNU C version 4.8.1, GMP version 4.3.2, MPFR version 3.1.6, MPC version 1.0.3, isl version isl-0.15-1-g835ea3a-GMP

GGC heuristics: --param ggc-min-expand=100 --param ggc-min-heapsize=131072
Compiler executable checksum: 85e1dc113eca18ee24842097eb6e9185
COLLECT_GCC_OPTIONS='-v' '-o' 'CMakeFiles/cmTC_ffd7b.dir/CMakeCCompilerABI.c.o' '-c' '-mlittle-endian' '-mabi=lp64'
 /usr/local/aarch64-none-linux-gnu-arm-9.2-2019.12/bin/../lib/gcc/aarch64-none-linux-gnu/9.2.1/../../../../aarch64-none-linux-gnu/bin/as -v -EL -mabi=lp64 -o CMakeFiles/cmTC_ffd7b.dir/CMakeCCompilerABI.c.o /tmp/ccH1OESJ.s
GNU assembler version 2.33.1 (aarch64-none-linux-gnu) using BFD version (GNU Toolchain for the A-profile Architecture 9.2-2019.12 (arm-9.10)) 2.33.1.20191209
COMPILER_PATH=/usr/local/aarch64-none-linux-gnu-arm-9.2-2019.12/bin/../libexec/gcc/aarch64-none-linux-gnu/9.2.1/:/usr/local/aarch64-none-linux-gnu-arm-9.2-2019.12/bin/../libexec/gcc/:/usr/local/aarch64-none-linux-gnu-arm-9.2-2019.12/bin/../lib/gcc/aarch64-none-linux-gnu/9.2.1/../../../../aarch64-none-linux-gnu/bin/
LIBRARY_PATH=/usr/local/aarch64-none-linux-gnu-arm-9.2-2019.12/bin/../lib/gcc/aarch64-none-linux-gnu/9.2.1/:/usr/local/aarch64-none-linux-gnu-arm-9.2-2019.12/bin/../lib/gcc/:/usr/local/aarch64-none-linux-gnu-arm-9.2-2019.12/bin/../lib/gcc/aarch64-none-linux-gnu/9.2.1/../../../../aarch64-none-linux-gnu/lib/../lib64/:/usr/local/aarch64-none-linux-gnu-arm-9.2-2019.12/bin/../aarch64-none-linux-gnu/libc/lib/../lib64/:/usr/local/aarch64-none-linux-gnu-arm-9.2-2019.12/bin/../aarch64-none-linux-gnu/libc/usr/lib/../lib64/:/usr/local/aarch64-none-linux-gnu-arm-9.2-2019.12/bin/../lib/gcc/aarch64-none-linux-gnu/9.2.1/../../../../aarch64-none-linux-gnu/lib/:/usr/local/aarch64-none-linux-gnu-arm-9.2-2019.12/bin/../aarch64-none-linux-gnu/libc/lib/:/usr/local/aarch64-none-linux-gnu-arm-9.2-2019.12/bin/../aarch64-none-linux-gnu/libc/usr/lib/
COLLECT_GCC_OPTIONS='-v' '-o' 'CMakeFiles/cmTC_ffd7b.dir/CMakeCCompilerABI.c.o' '-c' '-mlittle-endian' '-mabi=lp64'
Linking C executable cmTC_ffd7b
/usr/bin/cmake -E cmake_link_script CMakeFiles/cmTC_ffd7b.dir/link.txt --verbose=1
/usr/local/aarch64-none-linux-gnu-arm-9.2-2019.12/bin/aarch64-none-linux-gnu-gcc  -v CMakeFiles/cmTC_ffd7b.dir/CMakeCCompilerABI.c.o -o cmTC_ffd7b 
Using built-in specs.
COLLECT_GCC=/usr/local/aarch64-none-linux-gnu-arm-9.2-2019.12/bin/aarch64-none-linux-gnu-gcc
COLLECT_LTO_WRAPPER=/usr/local/aarch64-none-linux-gnu-arm-9.2-2019.12/bin/../libexec/gcc/aarch64-none-linux-gnu/9.2.1/lto-wrapper
Target: aarch64-none-linux-gnu
Configured with: /tmp/dgboter/bbs/rhev-vm2--rhe6x86_64/buildbot/rhe6x86_64--aarch64-none-linux-gnu/build/src/gcc/configure --target=aarch64-none-linux-gnu --prefix= --with-sysroot=/aarch64-none-linux-gnu/libc --with-build-sysroot=/tmp/dgboter/bbs/rhev-vm2--rhe6x86_64/buildbot/rhe6x86_64--aarch64-none-linux-gnu/build/build-aarch64-none-linux-gnu/install//aarch64-none-linux-gnu/libc --with-bugurl=https://bugs.linaro.org/ --enable-gnu-indirect-function --enable-shared --disable-libssp --disable-libmudflap --enable-checking=release --enable-languages=c,c++,fortran --with-gmp=/tmp/dgboter/bbs/rhev-vm2--rhe6x86_64/buildbot/rhe6x86_64--aarch64-none-linux-gnu/build/build-aarch64-none-linux-gnu/host-tools --with-mpfr=/tmp/dgboter/bbs/rhev-vm2--rhe6x86_64/buildbot/rhe6x86_64--aarch64-none-linux-gnu/build/build-aarch64-none-linux-gnu/host-tools --with-mpc=/tmp/dgboter/bbs/rhev-vm2--rhe6x86_64/buildbot/rhe6x86_64--aarch64-none-linux-gnu/build/build-aarch64-none-linux-gnu/host-tools --with-isl=/tmp/dgboter/bbs/rhev-vm2--rhe6x86_64/buildbot/rhe6x86_64--aarch64-none-linux-gnu/build/build-aarch64-none-linux-gnu/host-tools --enable-fix-cortex-a53-843419 --with-pkgversion='GNU Toolchain for the A-profile Architecture 9.2-2019.12 (arm-9.10)'
Thread model: posix
gcc version 9.2.1 20191025 (GNU Toolchain for the A-profile Architecture 9.2-2019.12 (arm-9.10)) 
COMPILER_PATH=/usr/local/aarch64-none-linux-gnu-arm-9.2-2019.12/bin/../libexec/gcc/aarch64-none-linux-gnu/9.2.1/:/usr/local/aarch64-none-linux-gnu-arm-9.2-2019.12/bin/../libexec/gcc/:/usr/local/aarch64-none-linux-gnu-arm-9.2-2019.12/bin/../lib/gcc/aarch64-none-linux-gnu/9.2.1/../../../../aarch64-none-linux-gnu/bin/
LIBRARY_PATH=/usr/local/aarch64-none-linux-gnu-arm-9.2-2019.12/bin/../lib/gcc/aarch64-none-linux-gnu/9.2.1/:/usr/local/aarch64-none-linux-gnu-arm-9.2-2019.12/bin/../lib/gcc/:/usr/local/aarch64-none-linux-gnu-arm-9.2-2019.12/bin/../lib/gcc/aarch64-none-linux-gnu/9.2.1/../../../../aarch64-none-linux-gnu/lib/../lib64/:/usr/local/aarch64-none-linux-gnu-arm-9.2-2019.12/bin/../aarch64-none-linux-gnu/libc/lib/../lib64/:/usr/local/aarch64-none-linux-gnu-arm-9.2-2019.12/bin/../aarch64-none-linux-gnu/libc/usr/lib/../lib64/:/usr/local/aarch64-none-linux-gnu-arm-9.2-2019.12/bin/../lib/gcc/aarch64-none-linux-gnu/9.2.1/../../../../aarch64-none-linux-gnu/lib/:/usr/local/aarch64-none-linux-gnu-arm-9.2-2019.12/bin/../aarch64-none-linux-gnu/libc/lib/:/usr/local/aarch64-none-linux-gnu-arm-9.2-2019.12/bin/../aarch64-none-linux-gnu/libc/usr/lib/
COLLECT_GCC_OPTIONS='-v' '-o' 'cmTC_ffd7b' '-mlittle-endian' '-mabi=lp64'
 /usr/local/aarch64-none-linux-gnu-arm-9.2-2019.12/bin/../libexec/gcc/aarch64-none-linux-gnu/9.2.1/collect2 -plugin /usr/local/aarch64-none-linux-gnu-arm-9.2-2019.12/bin/../libexec/gcc/aarch64-none-linux-gnu/9.2.1/liblto_plugin.so -plugin-opt=/usr/local/aarch64-none-linux-gnu-arm-9.2-2019.12/bin/../libexec/gcc/aarch64-none-linux-gnu/9.2.1/lto-wrapper -plugin-opt=-fresolution=/tmp/cc7pB8fH.res -plugin-opt=-pass-through=-lgcc -plugin-opt=-pass-through=-lgcc_s -plugin-opt=-pass-through=-lc -plugin-opt=-pass-through=-lgcc -plugin-opt=-pass-through=-lgcc_s --sysroot=/usr/local/aarch64-none-linux-gnu-arm-9.2-2019.12/bin/../aarch64-none-linux-gnu/libc --eh-frame-hdr -dynamic-linker /lib/ld-linux-aarch64.so.1 -X -EL -maarch64linux --fix-cortex-a53-843419 -o cmTC_ffd7b /usr/local/aarch64-none-linux-gnu-arm-9.2-2019.12/bin/../aarch64-none-linux-gnu/libc/usr/lib/../lib64/crt1.o /usr/local/aarch64-none-linux-gnu-arm-9.2-2019.12/bin/../aarch64-none-linux-gnu/libc/usr/lib/../lib64/crti.o /usr/local/aarch64-none-linux-gnu-arm-9.2-2019.12/bin/../lib/gcc/aarch64-none-linux-gnu/9.2.1/crtbegin.o -L/usr/local/aarch64-none-linux-gnu-arm-9.2-2019.12/bin/../lib/gcc/aarch64-none-linux-gnu/9.2.1 -L/usr/local/aarch64-none-linux-gnu-arm-9.2-2019.12/bin/../lib/gcc -L/usr/local/aarch64-none-linux-gnu-arm-9.2-2019.12/bin/../lib/gcc/aarch64-none-linux-gnu/9.2.1/../../../../aarch64-none-linux-gnu/lib/../lib64 -L/usr/local/aarch64-none-linux-gnu-arm-9.2-2019.12/bin/../aarch64-none-linux-gnu/libc/lib/../lib64 -L/usr/local/aarch64-none-linux-gnu-arm-9.2-2019.12/bin/../aarch64-none-linux-gnu/libc/usr/lib/../lib64 -L/usr/local/aarch64-none-linux-gnu-arm-9.2-2019.12/bin/../lib/gcc/aarch64-none-linux-gnu/9.2.1/../../../../aarch64-none-linux-gnu/lib -L/usr/local/aarch64-none-linux-gnu-arm-9.2-2019.12/bin/../aarch64-none-linux-gnu/libc/lib -L/usr/local/aarch64-none-linux-gnu-arm-9.2-2019.12/bin/../aarch64-none-linux-gnu/libc/usr/lib CMakeFiles/cmTC_ffd7b.dir/CMakeCCompilerABI.c.o -lgcc --push-state --as-needed -lgcc_s --pop-state -lc -lgcc --push-state --as-needed -lgcc_s --pop-state /usr/local/aarch64-none-linux-gnu-arm-9.2-2019.12/bin/../lib/gcc/aarch64-none-linux-gnu/9.2.1/crtend.o /usr/local/aarch64-none-linux-gnu-arm-9.2-2019.12/bin/../aarch64-none-linux-gnu/libc/usr/lib/../lib64/crtn.o
COLLECT_GCC_OPTIONS='-v' '-o' 'cmTC_ffd7b' '-mlittle-endian' '-mabi=lp64'
make[1]: Leaving directory '/tmp/tmp.A9tFlhwc1F/cmake-build-debug/CMakeFiles/CMakeTmp'



Parsed C implicit include dir info from above output: rv=done
  found start of include info
  found start of implicit include info
    add: [/usr/local/aarch64-none-linux-gnu-arm-9.2-2019.12/bin/../lib/gcc/aarch64-none-linux-gnu/9.2.1/include]
    add: [/usr/local/aarch64-none-linux-gnu-arm-9.2-2019.12/bin/../lib/gcc/aarch64-none-linux-gnu/9.2.1/include-fixed]
    add: [/usr/local/aarch64-none-linux-gnu-arm-9.2-2019.12/bin/../lib/gcc/aarch64-none-linux-gnu/9.2.1/../../../../aarch64-none-linux-gnu/include]
    add: [/usr/local/aarch64-none-linux-gnu-arm-9.2-2019.12/bin/../aarch64-none-linux-gnu/libc/usr/include]
  end of search list found
  collapse include dir [/usr/local/aarch64-none-linux-gnu-arm-9.2-2019.12/bin/../lib/gcc/aarch64-none-linux-gnu/9.2.1/include] ==> [/usr/local/aarch64-none-linux-gnu-arm-9.2-2019.12/lib/gcc/aarch64-none-linux-gnu/9.2.1/include]
  collapse include dir [/usr/local/aarch64-none-linux-gnu-arm-9.2-2019.12/bin/../lib/gcc/aarch64-none-linux-gnu/9.2.1/include-fixed] ==> [/usr/local/aarch64-none-linux-gnu-arm-9.2-2019.12/lib/gcc/aarch64-none-linux-gnu/9.2.1/include-fixed]
  collapse include dir [/usr/local/aarch64-none-linux-gnu-arm-9.2-2019.12/bin/../lib/gcc/aarch64-none-linux-gnu/9.2.1/../../../../aarch64-none-linux-gnu/include] ==> [/usr/local/aarch64-none-linux-gnu-arm-9.2-2019.12/aarch64-none-linux-gnu/include]
  collapse include dir [/usr/local/aarch64-none-linux-gnu-arm-9.2-2019.12/bin/../aarch64-none-linux-gnu/libc/usr/include] ==> [/usr/local/aarch64-none-linux-gnu-arm-9.2-2019.12/aarch64-none-linux-gnu/libc/usr/include]
  implicit include dirs: [/usr/local/aarch64-none-linux-gnu-arm-9.2-2019.12/lib/gcc/aarch64-none-linux-gnu/9.2.1/include;/usr/local/aarch64-none-linux-gnu-arm-9.2-2019.12/lib/gcc/aarch64-none-linux-gnu/9.2.1/include-fixed;/usr/local/aarch64-none-linux-gnu-arm-9.2-2019.12/aarch64-none-linux-gnu/include;/usr/local/aarch64-none-linux-gnu-arm-9.2-2019.12/aarch64-none-linux-gnu/libc/usr/include]


Parsed C implicit link information from above output:
  link line regex: [^( *|.*[/\])(aarch64-none-linux-gnu-ld|CMAKE_LINK_STARTFILE-NOTFOUND|([^/\]+-)?ld|collect2)[^/\]*( |$)]
  ignore line: [Change Dir: /tmp/tmp.A9tFlhwc1F/cmake-build-debug/CMakeFiles/CMakeTmp]
  ignore line: []
  ignore line: [Run Build Command(s):/usr/bin/make -f Makefile cmTC_ffd7b/fast && /usr/bin/make  -f CMakeFiles/cmTC_ffd7b.dir/build.make CMakeFiles/cmTC_ffd7b.dir/build]
  ignore line: [make[1]: Entering directory '/tmp/tmp.A9tFlhwc1F/cmake-build-debug/CMakeFiles/CMakeTmp']
  ignore line: [Building C object CMakeFiles/cmTC_ffd7b.dir/CMakeCCompilerABI.c.o]
  ignore line: [/usr/local/aarch64-none-linux-gnu-arm-9.2-2019.12/bin/aarch64-none-linux-gnu-gcc   -v -o CMakeFiles/cmTC_ffd7b.dir/CMakeCCompilerABI.c.o -c /usr/share/cmake-3.22/Modules/CMakeCCompilerABI.c]
  ignore line: [Using built-in specs.]
  ignore line: [COLLECT_GCC=/usr/local/aarch64-none-linux-gnu-arm-9.2-2019.12/bin/aarch64-none-linux-gnu-gcc]
  ignore line: [Target: aarch64-none-linux-gnu]
  ignore line: [Configured with: /tmp/dgboter/bbs/rhev-vm2--rhe6x86_64/buildbot/rhe6x86_64--aarch64-none-linux-gnu/build/src/gcc/configure --target=aarch64-none-linux-gnu --prefix= --with-sysroot=/aarch64-none-linux-gnu/libc --with-build-sysroot=/tmp/dgboter/bbs/rhev-vm2--rhe6x86_64/buildbot/rhe6x86_64--aarch64-none-linux-gnu/build/build-aarch64-none-linux-gnu/install//aarch64-none-linux-gnu/libc --with-bugurl=https://bugs.linaro.org/ --enable-gnu-indirect-function --enable-shared --disable-libssp --disable-libmudflap --enable-checking=release --enable-languages=c c++ fortran --with-gmp=/tmp/dgboter/bbs/rhev-vm2--rhe6x86_64/buildbot/rhe6x86_64--aarch64-none-linux-gnu/build/build-aarch64-none-linux-gnu/host-tools --with-mpfr=/tmp/dgboter/bbs/rhev-vm2--rhe6x86_64/buildbot/rhe6x86_64--aarch64-none-linux-gnu/build/build-aarch64-none-linux-gnu/host-tools --with-mpc=/tmp/dgboter/bbs/rhev-vm2--rhe6x86_64/buildbot/rhe6x86_64--aarch64-none-linux-gnu/build/build-aarch64-none-linux-gnu/host-tools --with-isl=/tmp/dgboter/bbs/rhev-vm2--rhe6x86_64/buildbot/rhe6x86_64--aarch64-none-linux-gnu/build/build-aarch64-none-linux-gnu/host-tools --enable-fix-cortex-a53-843419 --with-pkgversion='GNU Toolchain for the A-profile Architecture 9.2-2019.12 (arm-9.10)']
  ignore line: [Thread model: posix]
  ignore line: [gcc version 9.2.1 20191025 (GNU Toolchain for the A-profile Architecture 9.2-2019.12 (arm-9.10)) ]
  ignore line: [COLLECT_GCC_OPTIONS='-v' '-o' 'CMakeFiles/cmTC_ffd7b.dir/CMakeCCompilerABI.c.o' '-c' '-mlittle-endian' '-mabi=lp64']
  ignore line: [ /usr/local/aarch64-none-linux-gnu-arm-9.2-2019.12/bin/../libexec/gcc/aarch64-none-linux-gnu/9.2.1/cc1 -quiet -v -iprefix /usr/local/aarch64-none-linux-gnu-arm-9.2-2019.12/bin/../lib/gcc/aarch64-none-linux-gnu/9.2.1/ -isysroot /usr/local/aarch64-none-linux-gnu-arm-9.2-2019.12/bin/../aarch64-none-linux-gnu/libc /usr/share/cmake-3.22/Modules/CMakeCCompilerABI.c -quiet -dumpbase CMakeCCompilerABI.c -mlittle-endian -mabi=lp64 -auxbase-strip CMakeFiles/cmTC_ffd7b.dir/CMakeCCompilerABI.c.o -version -o /tmp/ccH1OESJ.s]
  ignore line: [GNU C17 (GNU Toolchain for the A-profile Architecture 9.2-2019.12 (arm-9.10)) version 9.2.1 20191025 (aarch64-none-linux-gnu)]
  ignore line: [	compiled by GNU C version 4.8.1  GMP version 4.3.2  MPFR version 3.1.6  MPC version 1.0.3  isl version isl-0.15-1-g835ea3a-GMP]
  ignore line: []
  ignore line: [GGC heuristics: --param ggc-min-expand=100 --param ggc-min-heapsize=131072]
  ignore line: [ignoring duplicate directory "/usr/local/aarch64-none-linux-gnu-arm-9.2-2019.12/bin/../lib/gcc/../../lib/gcc/aarch64-none-linux-gnu/9.2.1/include"]
  ignore line: [ignoring nonexistent directory "/usr/local/aarch64-none-linux-gnu-arm-9.2-2019.12/bin/../aarch64-none-linux-gnu/libc/usr/local/include"]
  ignore line: [ignoring duplicate directory "/usr/local/aarch64-none-linux-gnu-arm-9.2-2019.12/bin/../lib/gcc/../../lib/gcc/aarch64-none-linux-gnu/9.2.1/include-fixed"]
  ignore line: [ignoring duplicate directory "/usr/local/aarch64-none-linux-gnu-arm-9.2-2019.12/bin/../lib/gcc/../../lib/gcc/aarch64-none-linux-gnu/9.2.1/../../../../aarch64-none-linux-gnu/include"]
  ignore line: [#include "..." search starts here:]
  ignore line: [#include <...> search starts here:]
  ignore line: [ /usr/local/aarch64-none-linux-gnu-arm-9.2-2019.12/bin/../lib/gcc/aarch64-none-linux-gnu/9.2.1/include]
  ignore line: [ /usr/local/aarch64-none-linux-gnu-arm-9.2-2019.12/bin/../lib/gcc/aarch64-none-linux-gnu/9.2.1/include-fixed]
  ignore line: [ /usr/local/aarch64-none-linux-gnu-arm-9.2-2019.12/bin/../lib/gcc/aarch64-none-linux-gnu/9.2.1/../../../../aarch64-none-linux-gnu/include]
  ignore line: [ /usr/local/aarch64-none-linux-gnu-arm-9.2-2019.12/bin/../aarch64-none-linux-gnu/libc/usr/include]
  ignore line: [End of search list.]
  ignore line: [GNU C17 (GNU Toolchain for the A-profile Architecture 9.2-2019.12 (arm-9.10)) version 9.2.1 20191025 (aarch64-none-linux-gnu)]
  ignore line: [	compiled by GNU C version 4.8.1  GMP version 4.3.2  MPFR version 3.1.6  MPC version 1.0.3  isl version isl-0.15-1-g835ea3a-GMP]
  ignore line: []
  ignore line: [GGC heuristics: --param ggc-min-expand=100 --param ggc-min-heapsize=131072]
  ignore line: [Compiler executable checksum: 85e1dc113eca18ee24842097eb6e9185]
  ignore line: [COLLECT_GCC_OPTIONS='-v' '-o' 'CMakeFiles/cmTC_ffd7b.dir/CMakeCCompilerABI.c.o' '-c' '-mlittle-endian' '-mabi=lp64']
  ignore line: [ /usr/local/aarch64-none-linux-gnu-arm-9.2-2019.12/bin/../lib/gcc/aarch64-none-linux-gnu/9.2.1/../../../../aarch64-none-linux-gnu/bin/as -v -EL -mabi=lp64 -o CMakeFiles/cmTC_ffd7b.dir/CMakeCCompilerABI.c.o /tmp/ccH1OESJ.s]
  ignore line: [GNU assembler version 2.33.1 (aarch64-none-linux-gnu) using BFD version (GNU Toolchain for the A-profile Architecture 9.2-2019.12 (arm-9.10)) 2.33.1.20191209]
  ignore line: [COMPILER_PATH=/usr/local/aarch64-none-linux-gnu-arm-9.2-2019.12/bin/../libexec/gcc/aarch64-none-linux-gnu/9.2.1/:/usr/local/aarch64-none-linux-gnu-arm-9.2-2019.12/bin/../libexec/gcc/:/usr/local/aarch64-none-linux-gnu-arm-9.2-2019.12/bin/../lib/gcc/aarch64-none-linux-gnu/9.2.1/../../../../aarch64-none-linux-gnu/bin/]
  ignore line: [LIBRARY_PATH=/usr/local/aarch64-none-linux-gnu-arm-9.2-2019.12/bin/../lib/gcc/aarch64-none-linux-gnu/9.2.1/:/usr/local/aarch64-none-linux-gnu-arm-9.2-2019.12/bin/../lib/gcc/:/usr/local/aarch64-none-linux-gnu-arm-9.2-2019.12/bin/../lib/gcc/aarch64-none-linux-gnu/9.2.1/../../../../aarch64-none-linux-gnu/lib/../lib64/:/usr/local/aarch64-none-linux-gnu-arm-9.2-2019.12/bin/../aarch64-none-linux-gnu/libc/lib/../lib64/:/usr/local/aarch64-none-linux-gnu-arm-9.2-2019.12/bin/../aarch64-none-linux-gnu/libc/usr/lib/../lib64/:/usr/local/aarch64-none-linux-gnu-arm-9.2-2019.12/bin/../lib/gcc/aarch64-none-linux-gnu/9.2.1/../../../../aarch64-none-linux-gnu/lib/:/usr/local/aarch64-none-linux-gnu-arm-9.2-2019.12/bin/../aarch64-none-linux-gnu/libc/lib/:/usr/local/aarch64-none-linux-gnu-arm-9.2-2019.12/bin/../aarch64-none-linux-gnu/libc/usr/lib/]
  ignore line: [COLLECT_GCC_OPTIONS='-v' '-o' 'CMakeFiles/cmTC_ffd7b.dir/CMakeCCompilerABI.c.o' '-c' '-mlittle-endian' '-mabi=lp64']
  ignore line: [Linking C executable cmTC_ffd7b]
  ignore line: [/usr/bin/cmake -E cmake_link_script CMakeFiles/cmTC_ffd7b.dir/link.txt --verbose=1]
  ignore line: [/usr/local/aarch64-none-linux-gnu-arm-9.2-2019.12/bin/aarch64-none-linux-gnu-gcc  -v CMakeFiles/cmTC_ffd7b.dir/CMakeCCompilerABI.c.o -o cmTC_ffd7b ]
  ignore line: [Using built-in specs.]
  ignore line: [COLLECT_GCC=/usr/local/aarch64-none-linux-gnu-arm-9.2-2019.12/bin/aarch64-none-linux-gnu-gcc]
  ignore line: [COLLECT_LTO_WRAPPER=/usr/local/aarch64-none-linux-gnu-arm-9.2-2019.12/bin/../libexec/gcc/aarch64-none-linux-gnu/9.2.1/lto-wrapper]
  ignore line: [Target: aarch64-none-linux-gnu]
  ignore line: [Configured with: /tmp/dgboter/bbs/rhev-vm2--rhe6x86_64/buildbot/rhe6x86_64--aarch64-none-linux-gnu/build/src/gcc/configure --target=aarch64-none-linux-gnu --prefix= --with-sysroot=/aarch64-none-linux-gnu/libc --with-build-sysroot=/tmp/dgboter/bbs/rhev-vm2--rhe6x86_64/buildbot/rhe6x86_64--aarch64-none-linux-gnu/build/build-aarch64-none-linux-gnu/install//aarch64-none-linux-gnu/libc --with-bugurl=https://bugs.linaro.org/ --enable-gnu-indirect-function --enable-shared --disable-libssp --disable-libmudflap --enable-checking=release --enable-languages=c c++ fortran --with-gmp=/tmp/dgboter/bbs/rhev-vm2--rhe6x86_64/buildbot/rhe6x86_64--aarch64-none-linux-gnu/build/build-aarch64-none-linux-gnu/host-tools --with-mpfr=/tmp/dgboter/bbs/rhev-vm2--rhe6x86_64/buildbot/rhe6x86_64--aarch64-none-linux-gnu/build/build-aarch64-none-linux-gnu/host-tools --with-mpc=/tmp/dgboter/bbs/rhev-vm2--rhe6x86_64/buildbot/rhe6x86_64--aarch64-none-linux-gnu/build/build-aarch64-none-linux-gnu/host-tools --with-isl=/tmp/dgboter/bbs/rhev-vm2--rhe6x86_64/buildbot/rhe6x86_64--aarch64-none-linux-gnu/build/build-aarch64-none-linux-gnu/host-tools --enable-fix-cortex-a53-843419 --with-pkgversion='GNU Toolchain for the A-profile Architecture 9.2-2019.12 (arm-9.10)']
  ignore line: [Thread model: posix]
  ignore line: [gcc version 9.2.1 20191025 (GNU Toolchain for the A-profile Architecture 9.2-2019.12 (arm-9.10)) ]
  ignore line: [COMPILER_PATH=/usr/local/aarch64-none-linux-gnu-arm-9.2-2019.12/bin/../libexec/gcc/aarch64-none-linux-gnu/9.2.1/:/usr/local/aarch64-none-linux-gnu-arm-9.2-2019.12/bin/../libexec/gcc/:/usr/local/aarch64-none-linux-gnu-arm-9.2-2019.12/bin/../lib/gcc/aarch64-none-linux-gnu/9.2.1/../../../../aarch64-none-linux-gnu/bin/]
  ignore line: [LIBRARY_PATH=/usr/local/aarch64-none-linux-gnu-arm-9.2-2019.12/bin/../lib/gcc/aarch64-none-linux-gnu/9.2.1/:/usr/local/aarch64-none-linux-gnu-arm-9.2-2019.12/bin/../lib/gcc/:/usr/local/aarch64-none-linux-gnu-arm-9.2-2019.12/bin/../lib/gcc/aarch64-none-linux-gnu/9.2.1/../../../../aarch64-none-linux-gnu/lib/../lib64/:/usr/local/aarch64-none-linux-gnu-arm-9.2-2019.12/bin/../aarch64-none-linux-gnu/libc/lib/../lib64/:/usr/local/aarch64-none-linux-gnu-arm-9.2-2019.12/bin/../aarch64-none-linux-gnu/libc/usr/lib/../lib64/:/usr/local/aarch64-none-linux-gnu-arm-9.2-2019.12/bin/../lib/gcc/aarch64-none-linux-gnu/9.2.1/../../../../aarch64-none-linux-gnu/lib/:/usr/local/aarch64-none-linux-gnu-arm-9.2-2019.12/bin/../aarch64-none-linux-gnu/libc/lib/:/usr/local/aarch64-none-linux-gnu-arm-9.2-2019.12/bin/../aarch64-none-linux-gnu/libc/usr/lib/]
  ignore line: [COLLECT_GCC_OPTIONS='-v' '-o' 'cmTC_ffd7b' '-mlittle-endian' '-mabi=lp64']
  link line: [ /usr/local/aarch64-none-linux-gnu-arm-9.2-2019.12/bin/../libexec/gcc/aarch64-none-linux-gnu/9.2.1/collect2 -plugin /usr/local/aarch64-none-linux-gnu-arm-9.2-2019.12/bin/../libexec/gcc/aarch64-none-linux-gnu/9.2.1/liblto_plugin.so -plugin-opt=/usr/local/aarch64-none-linux-gnu-arm-9.2-2019.12/bin/../libexec/gcc/aarch64-none-linux-gnu/9.2.1/lto-wrapper -plugin-opt=-fresolution=/tmp/cc7pB8fH.res -plugin-opt=-pass-through=-lgcc -plugin-opt=-pass-through=-lgcc_s -plugin-opt=-pass-through=-lc -plugin-opt=-pass-through=-lgcc -plugin-opt=-pass-through=-lgcc_s --sysroot=/usr/local/aarch64-none-linux-gnu-arm-9.2-2019.12/bin/../aarch64-none-linux-gnu/libc --eh-frame-hdr -dynamic-linker /lib/ld-linux-aarch64.so.1 -X -EL -maarch64linux --fix-cortex-a53-843419 -o cmTC_ffd7b /usr/local/aarch64-none-linux-gnu-arm-9.2-2019.12/bin/../aarch64-none-linux-gnu/libc/usr/lib/../lib64/crt1.o /usr/local/aarch64-none-linux-gnu-arm-9.2-2019.12/bin/../aarch64-none-linux-gnu/libc/usr/lib/../lib64/crti.o /usr/local/aarch64-none-linux-gnu-arm-9.2-2019.12/bin/../lib/gcc/aarch64-none-linux-gnu/9.2.1/crtbegin.o -L/usr/local/aarch64-none-linux-gnu-arm-9.2-2019.12/bin/../lib/gcc/aarch64-none-linux-gnu/9.2.1 -L/usr/local/aarch64-none-linux-gnu-arm-9.2-2019.12/bin/../lib/gcc -L/usr/local/aarch64-none-linux-gnu-arm-9.2-2019.12/bin/../lib/gcc/aarch64-none-linux-gnu/9.2.1/../../../../aarch64-none-linux-gnu/lib/../lib64 -L/usr/local/aarch64-none-linux-gnu-arm-9.2-2019.12/bin/../aarch64-none-linux-gnu/libc/lib/../lib64 -L/usr/local/aarch64-none-linux-gnu-arm-9.2-2019.12/bin/../aarch64-none-linux-gnu/libc/usr/lib/../lib64 -L/usr/local/aarch64-none-linux-gnu-arm-9.2-2019.12/bin/../lib/gcc/aarch64-none-linux-gnu/9.2.1/../../../../aarch64-none-linux-gnu/lib -L/usr/local/aarch64-none-linux-gnu-arm-9.2-2019.12/bin/../aarch64-none-linux-gnu/libc/lib -L/usr/local/aarch64-none-linux-gnu-arm-9.2-2019.12/bin/../aarch64-none-linux-gnu/libc/usr/lib CMakeFiles/cmTC_ffd7b.dir/CMakeCCompilerABI.c.o -lgcc --push-state --as-needed -lgcc_s --pop-state -lc -lgcc --push-state --as-needed -lgcc_s --pop-state /usr/local/aarch64-none-linux-gnu-arm-9.2-2019.12/bin/../lib/gcc/aarch64-none-linux-gnu/9.2.1/crtend.o /usr/local/aarch64-none-linux-gnu-arm-9.2-2019.12/bin/../aarch64-none-linux-gnu/libc/usr/lib/../lib64/crtn.o]
    arg [/usr/local/aarch64-none-linux-gnu-arm-9.2-2019.12/bin/../libexec/gcc/aarch64-none-linux-gnu/9.2.1/collect2] ==> ignore
    arg [-plugin] ==> ignore
    arg [/usr/local/aarch64-none-linux-gnu-arm-9.2-2019.12/bin/../libexec/gcc/aarch64-none-linux-gnu/9.2.1/liblto_plugin.so] ==> ignore
    arg [-plugin-opt=/usr/local/aarch64-none-linux-gnu-arm-9.2-2019.12/bin/../libexec/gcc/aarch64-none-linux-gnu/9.2.1/lto-wrapper] ==> ignore
    arg [-plugin-opt=-fresolution=/tmp/cc7pB8fH.res] ==> ignore
    arg [-plugin-opt=-pass-through=-lgcc] ==> ignore
    arg [-plugin-opt=-pass-through=-lgcc_s] ==> ignore
    arg [-plugin-opt=-pass-through=-lc] ==> ignore
    arg [-plugin-opt=-pass-through=-lgcc] ==> ignore
    arg [-plugin-opt=-pass-through=-lgcc_s] ==> ignore
    arg [--sysroot=/usr/local/aarch64-none-linux-gnu-arm-9.2-2019.12/bin/../aarch64-none-linux-gnu/libc] ==> ignore
    arg [--eh-frame-hdr] ==> ignore
    arg [-dynamic-linker] ==> ignore
    arg [/lib/ld-linux-aarch64.so.1] ==> ignore
    arg [-X] ==> ignore
    arg [-EL] ==> ignore
    arg [-maarch64linux] ==> ignore
    arg [--fix-cortex-a53-843419] ==> ignore
    arg [-o] ==> ignore
    arg [cmTC_ffd7b] ==> ignore
    arg [/usr/local/aarch64-none-linux-gnu-arm-9.2-2019.12/bin/../aarch64-none-linux-gnu/libc/usr/lib/../lib64/crt1.o] ==> obj [/usr/local/aarch64-none-linux-gnu-arm-9.2-2019.12/bin/../aarch64-none-linux-gnu/libc/usr/lib/../lib64/crt1.o]
    arg [/usr/local/aarch64-none-linux-gnu-arm-9.2-2019.12/bin/../aarch64-none-linux-gnu/libc/usr/lib/../lib64/crti.o] ==> obj [/usr/local/aarch64-none-linux-gnu-arm-9.2-2019.12/bin/../aarch64-none-linux-gnu/libc/usr/lib/../lib64/crti.o]
    arg [/usr/local/aarch64-none-linux-gnu-arm-9.2-2019.12/bin/../lib/gcc/aarch64-none-linux-gnu/9.2.1/crtbegin.o] ==> obj [/usr/local/aarch64-none-linux-gnu-arm-9.2-2019.12/bin/../lib/gcc/aarch64-none-linux-gnu/9.2.1/crtbegin.o]
    arg [-L/usr/local/aarch64-none-linux-gnu-arm-9.2-2019.12/bin/../lib/gcc/aarch64-none-linux-gnu/9.2.1] ==> dir [/usr/local/aarch64-none-linux-gnu-arm-9.2-2019.12/bin/../lib/gcc/aarch64-none-linux-gnu/9.2.1]
    arg [-L/usr/local/aarch64-none-linux-gnu-arm-9.2-2019.12/bin/../lib/gcc] ==> dir [/usr/local/aarch64-none-linux-gnu-arm-9.2-2019.12/bin/../lib/gcc]
    arg [-L/usr/local/aarch64-none-linux-gnu-arm-9.2-2019.12/bin/../lib/gcc/aarch64-none-linux-gnu/9.2.1/../../../../aarch64-none-linux-gnu/lib/../lib64] ==> dir [/usr/local/aarch64-none-linux-gnu-arm-9.2-2019.12/bin/../lib/gcc/aarch64-none-linux-gnu/9.2.1/../../../../aarch64-none-linux-gnu/lib/../lib64]
    arg [-L/usr/local/aarch64-none-linux-gnu-arm-9.2-2019.12/bin/../aarch64-none-linux-gnu/libc/lib/../lib64] ==> dir [/usr/local/aarch64-none-linux-gnu-arm-9.2-2019.12/bin/../aarch64-none-linux-gnu/libc/lib/../lib64]
    arg [-L/usr/local/aarch64-none-linux-gnu-arm-9.2-2019.12/bin/../aarch64-none-linux-gnu/libc/usr/lib/../lib64] ==> dir [/usr/local/aarch64-none-linux-gnu-arm-9.2-2019.12/bin/../aarch64-none-linux-gnu/libc/usr/lib/../lib64]
    arg [-L/usr/local/aarch64-none-linux-gnu-arm-9.2-2019.12/bin/../lib/gcc/aarch64-none-linux-gnu/9.2.1/../../../../aarch64-none-linux-gnu/lib] ==> dir [/usr/local/aarch64-none-linux-gnu-arm-9.2-2019.12/bin/../lib/gcc/aarch64-none-linux-gnu/9.2.1/../../../../aarch64-none-linux-gnu/lib]
    arg [-L/usr/local/aarch64-none-linux-gnu-arm-9.2-2019.12/bin/../aarch64-none-linux-gnu/libc/lib] ==> dir [/usr/local/aarch64-none-linux-gnu-arm-9.2-2019.12/bin/../aarch64-none-linux-gnu/libc/lib]
    arg [-L/usr/local/aarch64-none-linux-gnu-arm-9.2-2019.12/bin/../aarch64-none-linux-gnu/libc/usr/lib] ==> dir [/usr/local/aarch64-none-linux-gnu-arm-9.2-2019.12/bin/../aarch64-none-linux-gnu/libc/usr/lib]
    arg [CMakeFiles/cmTC_ffd7b.dir/CMakeCCompilerABI.c.o] ==> ignore
    arg [-lgcc] ==> lib [gcc]
    arg [--push-state] ==> ignore
    arg [--as-needed] ==> ignore
    arg [-lgcc_s] ==> lib [gcc_s]
    arg [--pop-state] ==> ignore
    arg [-lc] ==> lib [c]
    arg [-lgcc] ==> lib [gcc]
    arg [--push-state] ==> ignore
    arg [--as-needed] ==> ignore
    arg [-lgcc_s] ==> lib [gcc_s]
    arg [--pop-state] ==> ignore
    arg [/usr/local/aarch64-none-linux-gnu-arm-9.2-2019.12/bin/../lib/gcc/aarch64-none-linux-gnu/9.2.1/crtend.o] ==> obj [/usr/local/aarch64-none-linux-gnu-arm-9.2-2019.12/bin/../lib/gcc/aarch64-none-linux-gnu/9.2.1/crtend.o]
    arg [/usr/local/aarch64-none-linux-gnu-arm-9.2-2019.12/bin/../aarch64-none-linux-gnu/libc/usr/lib/../lib64/crtn.o] ==> obj [/usr/local/aarch64-none-linux-gnu-arm-9.2-2019.12/bin/../aarch64-none-linux-gnu/libc/usr/lib/../lib64/crtn.o]
  collapse obj [/usr/local/aarch64-none-linux-gnu-arm-9.2-2019.12/bin/../aarch64-none-linux-gnu/libc/usr/lib/../lib64/crt1.o] ==> [/usr/local/aarch64-none-linux-gnu-arm-9.2-2019.12/aarch64-none-linux-gnu/libc/usr/lib64/crt1.o]
  collapse obj [/usr/local/aarch64-none-linux-gnu-arm-9.2-2019.12/bin/../aarch64-none-linux-gnu/libc/usr/lib/../lib64/crti.o] ==> [/usr/local/aarch64-none-linux-gnu-arm-9.2-2019.12/aarch64-none-linux-gnu/libc/usr/lib64/crti.o]
  collapse obj [/usr/local/aarch64-none-linux-gnu-arm-9.2-2019.12/bin/../lib/gcc/aarch64-none-linux-gnu/9.2.1/crtbegin.o] ==> [/usr/local/aarch64-none-linux-gnu-arm-9.2-2019.12/lib/gcc/aarch64-none-linux-gnu/9.2.1/crtbegin.o]
  collapse obj [/usr/local/aarch64-none-linux-gnu-arm-9.2-2019.12/bin/../lib/gcc/aarch64-none-linux-gnu/9.2.1/crtend.o] ==> [/usr/local/aarch64-none-linux-gnu-arm-9.2-2019.12/lib/gcc/aarch64-none-linux-gnu/9.2.1/crtend.o]
  collapse obj [/usr/local/aarch64-none-linux-gnu-arm-9.2-2019.12/bin/../aarch64-none-linux-gnu/libc/usr/lib/../lib64/crtn.o] ==> [/usr/local/aarch64-none-linux-gnu-arm-9.2-2019.12/aarch64-none-linux-gnu/libc/usr/lib64/crtn.o]
  collapse library dir [/usr/local/aarch64-none-linux-gnu-arm-9.2-2019.12/bin/../lib/gcc/aarch64-none-linux-gnu/9.2.1] ==> [/usr/local/aarch64-none-linux-gnu-arm-9.2-2019.12/lib/gcc/aarch64-none-linux-gnu/9.2.1]
  collapse library dir [/usr/local/aarch64-none-linux-gnu-arm-9.2-2019.12/bin/../lib/gcc] ==> [/usr/local/aarch64-none-linux-gnu-arm-9.2-2019.12/lib/gcc]
  collapse library dir [/usr/local/aarch64-none-linux-gnu-arm-9.2-2019.12/bin/../lib/gcc/aarch64-none-linux-gnu/9.2.1/../../../../aarch64-none-linux-gnu/lib/../lib64] ==> [/usr/local/aarch64-none-linux-gnu-arm-9.2-2019.12/aarch64-none-linux-gnu/lib64]
  collapse library dir [/usr/local/aarch64-none-linux-gnu-arm-9.2-2019.12/bin/../aarch64-none-linux-gnu/libc/lib/../lib64] ==> [/usr/local/aarch64-none-linux-gnu-arm-9.2-2019.12/aarch64-none-linux-gnu/libc/lib64]
  collapse library dir [/usr/local/aarch64-none-linux-gnu-arm-9.2-2019.12/bin/../aarch64-none-linux-gnu/libc/usr/lib/../lib64] ==> [/usr/local/aarch64-none-linux-gnu-arm-9.2-2019.12/aarch64-none-linux-gnu/libc/usr/lib64]
  collapse library dir [/usr/local/aarch64-none-linux-gnu-arm-9.2-2019.12/bin/../lib/gcc/aarch64-none-linux-gnu/9.2.1/../../../../aarch64-none-linux-gnu/lib] ==> [/usr/local/aarch64-none-linux-gnu-arm-9.2-2019.12/aarch64-none-linux-gnu/lib]
  collapse library dir [/usr/local/aarch64-none-linux-gnu-arm-9.2-2019.12/bin/../aarch64-none-linux-gnu/libc/lib] ==> [/usr/local/aarch64-none-linux-gnu-arm-9.2-2019.12/aarch64-none-linux-gnu/libc/lib]
  collapse library dir [/usr/local/aarch64-none-linux-gnu-arm-9.2-2019.12/bin/../aarch64-none-linux-gnu/libc/usr/lib] ==> [/usr/local/aarch64-none-linux-gnu-arm-9.2-2019.12/aarch64-none-linux-gnu/libc/usr/lib]
  implicit libs: [gcc;gcc_s;c;gcc;gcc_s]
  implicit objs: [/usr/local/aarch64-none-linux-gnu-arm-9.2-2019.12/aarch64-none-linux-gnu/libc/usr/lib64/crt1.o;/usr/local/aarch64-none-linux-gnu-arm-9.2-2019.12/aarch64-none-linux-gnu/libc/usr/lib64/crti.o;/usr/local/aarch64-none-linux-gnu-arm-9.2-2019.12/lib/gcc/aarch64-none-linux-gnu/9.2.1/crtbegin.o;/usr/local/aarch64-none-linux-gnu-arm-9.2-2019.12/lib/gcc/aarch64-none-linux-gnu/9.2.1/crtend.o;/usr/local/aarch64-none-linux-gnu-arm-9.2-2019.12/aarch64-none-linux-gnu/libc/usr/lib64/crtn.o]
  implicit dirs: [/usr/local/aarch64-none-linux-gnu-arm-9.2-2019.12/lib/gcc/aarch64-none-linux-gnu/9.2.1;/usr/local/aarch64-none-linux-gnu-arm-9.2-2019.12/lib/gcc;/usr/local/aarch64-none-linux-gnu-arm-9.2-2019.12/aarch64-none-linux-gnu/lib64;/usr/local/aarch64-none-linux-gnu-arm-9.2-2019.12/aarch64-none-linux-gnu/libc/lib64;/usr/local/aarch64-none-linux-gnu-arm-9.2-2019.12/aarch64-none-linux-gnu/libc/usr/lib64;/usr/local/aarch64-none-linux-gnu-arm-9.2-2019.12/aarch64-none-linux-gnu/lib;/usr/local/aarch64-none-linux-gnu-arm-9.2-2019.12/aarch64-none-linux-gnu/libc/lib;/usr/local/aarch64-none-linux-gnu-arm-9.2-2019.12/aarch64-none-linux-gnu/libc/usr/lib]
  implicit fwks: []


Detecting CXX compiler ABI info compiled with the following output:
Change Dir: /tmp/tmp.A9tFlhwc1F/cmake-build-debug/CMakeFiles/CMakeTmp

Run Build Command(s):/usr/bin/make -f Makefile cmTC_130bf/fast && /usr/bin/make  -f CMakeFiles/cmTC_130bf.dir/build.make CMakeFiles/cmTC_130bf.dir/build
make[1]: Entering directory '/tmp/tmp.A9tFlhwc1F/cmake-build-debug/CMakeFiles/CMakeTmp'
Building CXX object CMakeFiles/cmTC_130bf.dir/CMakeCXXCompilerABI.cpp.o
/usr/local/aarch64-none-linux-gnu-arm-9.2-2019.12/bin/aarch64-none-linux-gnu-g++   -v -o CMakeFiles/cmTC_130bf.dir/CMakeCXXCompilerABI.cpp.o -c /usr/share/cmake-3.22/Modules/CMakeCXXCompilerABI.cpp
Using built-in specs.
COLLECT_GCC=/usr/local/aarch64-none-linux-gnu-arm-9.2-2019.12/bin/aarch64-none-linux-gnu-g++
Target: aarch64-none-linux-gnu
Configured with: /tmp/dgboter/bbs/rhev-vm2--rhe6x86_64/buildbot/rhe6x86_64--aarch64-none-linux-gnu/build/src/gcc/configure --target=aarch64-none-linux-gnu --prefix= --with-sysroot=/aarch64-none-linux-gnu/libc --with-build-sysroot=/tmp/dgboter/bbs/rhev-vm2--rhe6x86_64/buildbot/rhe6x86_64--aarch64-none-linux-gnu/build/build-aarch64-none-linux-gnu/install//aarch64-none-linux-gnu/libc --with-bugurl=https://bugs.linaro.org/ --enable-gnu-indirect-function --enable-shared --disable-libssp --disable-libmudflap --enable-checking=release --enable-languages=c,c++,fortran --with-gmp=/tmp/dgboter/bbs/rhev-vm2--rhe6x86_64/buildbot/rhe6x86_64--aarch64-none-linux-gnu/build/build-aarch64-none-linux-gnu/host-tools --with-mpfr=/tmp/dgboter/bbs/rhev-vm2--rhe6x86_64/buildbot/rhe6x86_64--aarch64-none-linux-gnu/build/build-aarch64-none-linux-gnu/host-tools --with-mpc=/tmp/dgboter/bbs/rhev-vm2--rhe6x86_64/buildbot/rhe6x86_64--aarch64-none-linux-gnu/build/build-aarch64-none-linux-gnu/host-tools --with-isl=/tmp/dgboter/bbs/rhev-vm2--rhe6x86_64/buildbot/rhe6x86_64--aarch64-none-linux-gnu/build/build-aarch64-none-linux-gnu/host-tools --enable-fix-cortex-a53-843419 --with-pkgversion='GNU Toolchain for the A-profile Architecture 9.2-2019.12 (arm-9.10)'
Thread model: posix
gcc version 9.2.1 20191025 (GNU Toolchain for the A-profile Architecture 9.2-2019.12 (arm-9.10)) 
COLLECT_GCC_OPTIONS='-v' '-o' 'CMakeFiles/cmTC_130bf.dir/CMakeCXXCompilerABI.cpp.o' '-c' '-shared-libgcc' '-mlittle-endian' '-mabi=lp64'
 /usr/local/aarch64-none-linux-gnu-arm-9.2-2019.12/bin/../libexec/gcc/aarch64-none-linux-gnu/9.2.1/cc1plus -quiet -v -iprefix /usr/local/aarch64-none-linux-gnu-arm-9.2-2019.12/bin/../lib/gcc/aarch64-none-linux-gnu/9.2.1/ -isysroot /usr/local/aarch64-none-linux-gnu-arm-9.2-2019.12/bin/../aarch64-none-linux-gnu/libc -D_GNU_SOURCE /usr/share/cmake-3.22/Modules/CMakeCXXCompilerABI.cpp -quiet -dumpbase CMakeCXXCompilerABI.cpp -mlittle-endian -mabi=lp64 -auxbase-strip CMakeFiles/cmTC_130bf.dir/CMakeCXXCompilerABI.cpp.o -version -o /tmp/ccyplnPa.s
GNU C++14 (GNU Toolchain for the A-profile Architecture 9.2-2019.12 (arm-9.10)) version 9.2.1 20191025 (aarch64-none-linux-gnu)
	compiled by GNU C version 4.8.1, GMP version 4.3.2, MPFR version 3.1.6, MPC version 1.0.3, isl version isl-0.15-1-g835ea3a-GMP

GGC heuristics: --param ggc-min-expand=100 --param ggc-min-heapsize=131072
ignoring duplicate directory "/usr/local/aarch64-none-linux-gnu-arm-9.2-2019.12/bin/../lib/gcc/../../lib/gcc/aarch64-none-linux-gnu/9.2.1/../../../../aarch64-none-linux-gnu/include/c++/9.2.1"
ignoring duplicate directory "/usr/local/aarch64-none-linux-gnu-arm-9.2-2019.12/bin/../lib/gcc/../../lib/gcc/aarch64-none-linux-gnu/9.2.1/../../../../aarch64-none-linux-gnu/include/c++/9.2.1/aarch64-none-linux-gnu"
ignoring duplicate directory "/usr/local/aarch64-none-linux-gnu-arm-9.2-2019.12/bin/../lib/gcc/../../lib/gcc/aarch64-none-linux-gnu/9.2.1/../../../../aarch64-none-linux-gnu/include/c++/9.2.1/backward"
ignoring duplicate directory "/usr/local/aarch64-none-linux-gnu-arm-9.2-2019.12/bin/../lib/gcc/../../lib/gcc/aarch64-none-linux-gnu/9.2.1/include"
ignoring nonexistent directory "/usr/local/aarch64-none-linux-gnu-arm-9.2-2019.12/bin/../aarch64-none-linux-gnu/libc/usr/local/include"
ignoring duplicate directory "/usr/local/aarch64-none-linux-gnu-arm-9.2-2019.12/bin/../lib/gcc/../../lib/gcc/aarch64-none-linux-gnu/9.2.1/include-fixed"
ignoring duplicate directory "/usr/local/aarch64-none-linux-gnu-arm-9.2-2019.12/bin/../lib/gcc/../../lib/gcc/aarch64-none-linux-gnu/9.2.1/../../../../aarch64-none-linux-gnu/include"
#include "..." search starts here:
#include <...> search starts here:
 /usr/local/aarch64-none-linux-gnu-arm-9.2-2019.12/bin/../lib/gcc/aarch64-none-linux-gnu/9.2.1/../../../../aarch64-none-linux-gnu/include/c++/9.2.1
 /usr/local/aarch64-none-linux-gnu-arm-9.2-2019.12/bin/../lib/gcc/aarch64-none-linux-gnu/9.2.1/../../../../aarch64-none-linux-gnu/include/c++/9.2.1/aarch64-none-linux-gnu
 /usr/local/aarch64-none-linux-gnu-arm-9.2-2019.12/bin/../lib/gcc/aarch64-none-linux-gnu/9.2.1/../../../../aarch64-none-linux-gnu/include/c++/9.2.1/backward
 /usr/local/aarch64-none-linux-gnu-arm-9.2-2019.12/bin/../lib/gcc/aarch64-none-linux-gnu/9.2.1/include
 /usr/local/aarch64-none-linux-gnu-arm-9.2-2019.12/bin/../lib/gcc/aarch64-none-linux-gnu/9.2.1/include-fixed
 /usr/local/aarch64-none-linux-gnu-arm-9.2-2019.12/bin/../lib/gcc/aarch64-none-linux-gnu/9.2.1/../../../../aarch64-none-linux-gnu/include
 /usr/local/aarch64-none-linux-gnu-arm-9.2-2019.12/bin/../aarch64-none-linux-gnu/libc/usr/include
End of search list.
GNU C++14 (GNU Toolchain for the A-profile Architecture 9.2-2019.12 (arm-9.10)) version 9.2.1 20191025 (aarch64-none-linux-gnu)
	compiled by GNU C version 4.8.1, GMP version 4.3.2, MPFR version 3.1.6, MPC version 1.0.3, isl version isl-0.15-1-g835ea3a-GMP

GGC heuristics: --param ggc-min-expand=100 --param ggc-min-heapsize=131072
Compiler executable checksum: 2c1b06ae38fc097703f75fa12d3b7029
COLLECT_GCC_OPTIONS='-v' '-o' 'CMakeFiles/cmTC_130bf.dir/CMakeCXXCompilerABI.cpp.o' '-c' '-shared-libgcc' '-mlittle-endian' '-mabi=lp64'
 /usr/local/aarch64-none-linux-gnu-arm-9.2-2019.12/bin/../lib/gcc/aarch64-none-linux-gnu/9.2.1/../../../../aarch64-none-linux-gnu/bin/as -v -EL -mabi=lp64 -o CMakeFiles/cmTC_130bf.dir/CMakeCXXCompilerABI.cpp.o /tmp/ccyplnPa.s
GNU assembler version 2.33.1 (aarch64-none-linux-gnu) using BFD version (GNU Toolchain for the A-profile Architecture 9.2-2019.12 (arm-9.10)) 2.33.1.20191209
COMPILER_PATH=/usr/local/aarch64-none-linux-gnu-arm-9.2-2019.12/bin/../libexec/gcc/aarch64-none-linux-gnu/9.2.1/:/usr/local/aarch64-none-linux-gnu-arm-9.2-2019.12/bin/../libexec/gcc/:/usr/local/aarch64-none-linux-gnu-arm-9.2-2019.12/bin/../lib/gcc/aarch64-none-linux-gnu/9.2.1/../../../../aarch64-none-linux-gnu/bin/
LIBRARY_PATH=/usr/local/aarch64-none-linux-gnu-arm-9.2-2019.12/bin/../lib/gcc/aarch64-none-linux-gnu/9.2.1/:/usr/local/aarch64-none-linux-gnu-arm-9.2-2019.12/bin/../lib/gcc/:/usr/local/aarch64-none-linux-gnu-arm-9.2-2019.12/bin/../lib/gcc/aarch64-none-linux-gnu/9.2.1/../../../../aarch64-none-linux-gnu/lib/../lib64/:/usr/local/aarch64-none-linux-gnu-arm-9.2-2019.12/bin/../aarch64-none-linux-gnu/libc/lib/../lib64/:/usr/local/aarch64-none-linux-gnu-arm-9.2-2019.12/bin/../aarch64-none-linux-gnu/libc/usr/lib/../lib64/:/usr/local/aarch64-none-linux-gnu-arm-9.2-2019.12/bin/../lib/gcc/aarch64-none-linux-gnu/9.2.1/../../../../aarch64-none-linux-gnu/lib/:/usr/local/aarch64-none-linux-gnu-arm-9.2-2019.12/bin/../aarch64-none-linux-gnu/libc/lib/:/usr/local/aarch64-none-linux-gnu-arm-9.2-2019.12/bin/../aarch64-none-linux-gnu/libc/usr/lib/
COLLECT_GCC_OPTIONS='-v' '-o' 'CMakeFiles/cmTC_130bf.dir/CMakeCXXCompilerABI.cpp.o' '-c' '-shared-libgcc' '-mlittle-endian' '-mabi=lp64'
Linking CXX executable cmTC_130bf
/usr/bin/cmake -E cmake_link_script CMakeFiles/cmTC_130bf.dir/link.txt --verbose=1
/usr/local/aarch64-none-linux-gnu-arm-9.2-2019.12/bin/aarch64-none-linux-gnu-g++  -v CMakeFiles/cmTC_130bf.dir/CMakeCXXCompilerABI.cpp.o -o cmTC_130bf 
Using built-in specs.
COLLECT_GCC=/usr/local/aarch64-none-linux-gnu-arm-9.2-2019.12/bin/aarch64-none-linux-gnu-g++
COLLECT_LTO_WRAPPER=/usr/local/aarch64-none-linux-gnu-arm-9.2-2019.12/bin/../libexec/gcc/aarch64-none-linux-gnu/9.2.1/lto-wrapper
Target: aarch64-none-linux-gnu
Configured with: /tmp/dgboter/bbs/rhev-vm2--rhe6x86_64/buildbot/rhe6x86_64--aarch64-none-linux-gnu/build/src/gcc/configure --target=aarch64-none-linux-gnu --prefix= --with-sysroot=/aarch64-none-linux-gnu/libc --with-build-sysroot=/tmp/dgboter/bbs/rhev-vm2--rhe6x86_64/buildbot/rhe6x86_64--aarch64-none-linux-gnu/build/build-aarch64-none-linux-gnu/install//aarch64-none-linux-gnu/libc --with-bugurl=https://bugs.linaro.org/ --enable-gnu-indirect-function --enable-shared --disable-libssp --disable-libmudflap --enable-checking=release --enable-languages=c,c++,fortran --with-gmp=/tmp/dgboter/bbs/rhev-vm2--rhe6x86_64/buildbot/rhe6x86_64--aarch64-none-linux-gnu/build/build-aarch64-none-linux-gnu/host-tools --with-mpfr=/tmp/dgboter/bbs/rhev-vm2--rhe6x86_64/buildbot/rhe6x86_64--aarch64-none-linux-gnu/build/build-aarch64-none-linux-gnu/host-tools --with-mpc=/tmp/dgboter/bbs/rhev-vm2--rhe6x86_64/buildbot/rhe6x86_64--aarch64-none-linux-gnu/build/build-aarch64-none-linux-gnu/host-tools --with-isl=/tmp/dgboter/bbs/rhev-vm2--rhe6x86_64/buildbot/rhe6x86_64--aarch64-none-linux-gnu/build/build-aarch64-none-linux-gnu/host-tools --enable-fix-cortex-a53-843419 --with-pkgversion='GNU Toolchain for the A-profile Architecture 9.2-2019.12 (arm-9.10)'
Thread model: posix
gcc version 9.2.1 20191025 (GNU Toolchain for the A-profile Architecture 9.2-2019.12 (arm-9.10)) 
COMPILER_PATH=/usr/local/aarch64-none-linux-gnu-arm-9.2-2019.12/bin/../libexec/gcc/aarch64-none-linux-gnu/9.2.1/:/usr/local/aarch64-none-linux-gnu-arm-9.2-2019.12/bin/../libexec/gcc/:/usr/local/aarch64-none-linux-gnu-arm-9.2-2019.12/bin/../lib/gcc/aarch64-none-linux-gnu/9.2.1/../../../../aarch64-none-linux-gnu/bin/
LIBRARY_PATH=/usr/local/aarch64-none-linux-gnu-arm-9.2-2019.12/bin/../lib/gcc/aarch64-none-linux-gnu/9.2.1/:/usr/local/aarch64-none-linux-gnu-arm-9.2-2019.12/bin/../lib/gcc/:/usr/local/aarch64-none-linux-gnu-arm-9.2-2019.12/bin/../lib/gcc/aarch64-none-linux-gnu/9.2.1/../../../../aarch64-none-linux-gnu/lib/../lib64/:/usr/local/aarch64-none-linux-gnu-arm-9.2-2019.12/bin/../aarch64-none-linux-gnu/libc/lib/../lib64/:/usr/local/aarch64-none-linux-gnu-arm-9.2-2019.12/bin/../aarch64-none-linux-gnu/libc/usr/lib/../lib64/:/usr/local/aarch64-none-linux-gnu-arm-9.2-2019.12/bin/../lib/gcc/aarch64-none-linux-gnu/9.2.1/../../../../aarch64-none-linux-gnu/lib/:/usr/local/aarch64-none-linux-gnu-arm-9.2-2019.12/bin/../aarch64-none-linux-gnu/libc/lib/:/usr/local/aarch64-none-linux-gnu-arm-9.2-2019.12/bin/../aarch64-none-linux-gnu/libc/usr/lib/
COLLECT_GCC_OPTIONS='-v' '-o' 'cmTC_130bf' '-shared-libgcc' '-mlittle-endian' '-mabi=lp64'
 /usr/local/aarch64-none-linux-gnu-arm-9.2-2019.12/bin/../libexec/gcc/aarch64-none-linux-gnu/9.2.1/collect2 -plugin /usr/local/aarch64-none-linux-gnu-arm-9.2-2019.12/bin/../libexec/gcc/aarch64-none-linux-gnu/9.2.1/liblto_plugin.so -plugin-opt=/usr/local/aarch64-none-linux-gnu-arm-9.2-2019.12/bin/../libexec/gcc/aarch64-none-linux-gnu/9.2.1/lto-wrapper -plugin-opt=-fresolution=/tmp/ccKExxg6.res -plugin-opt=-pass-through=-lgcc_s -plugin-opt=-pass-through=-lgcc -plugin-opt=-pass-through=-lc -plugin-opt=-pass-through=-lgcc_s -plugin-opt=-pass-through=-lgcc --sysroot=/usr/local/aarch64-none-linux-gnu-arm-9.2-2019.12/bin/../aarch64-none-linux-gnu/libc --eh-frame-hdr -dynamic-linker /lib/ld-linux-aarch64.so.1 -X -EL -maarch64linux --fix-cortex-a53-843419 -o cmTC_130bf /usr/local/aarch64-none-linux-gnu-arm-9.2-2019.12/bin/../aarch64-none-linux-gnu/libc/usr/lib/../lib64/crt1.o /usr/local/aarch64-none-linux-gnu-arm-9.2-2019.12/bin/../aarch64-none-linux-gnu/libc/usr/lib/../lib64/crti.o /usr/local/aarch64-none-linux-gnu-arm-9.2-2019.12/bin/../lib/gcc/aarch64-none-linux-gnu/9.2.1/crtbegin.o -L/usr/local/aarch64-none-linux-gnu-arm-9.2-2019.12/bin/../lib/gcc/aarch64-none-linux-gnu/9.2.1 -L/usr/local/aarch64-none-linux-gnu-arm-9.2-2019.12/bin/../lib/gcc -L/usr/local/aarch64-none-linux-gnu-arm-9.2-2019.12/bin/../lib/gcc/aarch64-none-linux-gnu/9.2.1/../../../../aarch64-none-linux-gnu/lib/../lib64 -L/usr/local/aarch64-none-linux-gnu-arm-9.2-2019.12/bin/../aarch64-none-linux-gnu/libc/lib/../lib64 -L/usr/local/aarch64-none-linux-gnu-arm-9.2-2019.12/bin/../aarch64-none-linux-gnu/libc/usr/lib/../lib64 -L/usr/local/aarch64-none-linux-gnu-arm-9.2-2019.12/bin/../lib/gcc/aarch64-none-linux-gnu/9.2.1/../../../../aarch64-none-linux-gnu/lib -L/usr/local/aarch64-none-linux-gnu-arm-9.2-2019.12/bin/../aarch64-none-linux-gnu/libc/lib -L/usr/local/aarch64-none-linux-gnu-arm-9.2-2019.12/bin/../aarch64-none-linux-gnu/libc/usr/lib CMakeFiles/cmTC_130bf.dir/CMakeCXXCompilerABI.cpp.o -lstdc++ -lm -lgcc_s -lgcc -lc -lgcc_s -lgcc /usr/local/aarch64-none-linux-gnu-arm-9.2-2019.12/bin/../lib/gcc/aarch64-none-linux-gnu/9.2.1/crtend.o /usr/local/aarch64-none-linux-gnu-arm-9.2-2019.12/bin/../aarch64-none-linux-gnu/libc/usr/lib/../lib64/crtn.o
COLLECT_GCC_OPTIONS='-v' '-o' 'cmTC_130bf' '-shared-libgcc' '-mlittle-endian' '-mabi=lp64'
make[1]: Leaving directory '/tmp/tmp.A9tFlhwc1F/cmake-build-debug/CMakeFiles/CMakeTmp'



Parsed CXX implicit include dir info from above output: rv=done
  found start of include info
  found start of implicit include info
    add: [/usr/local/aarch64-none-linux-gnu-arm-9.2-2019.12/bin/../lib/gcc/aarch64-none-linux-gnu/9.2.1/../../../../aarch64-none-linux-gnu/include/c++/9.2.1]
    add: [/usr/local/aarch64-none-linux-gnu-arm-9.2-2019.12/bin/../lib/gcc/aarch64-none-linux-gnu/9.2.1/../../../../aarch64-none-linux-gnu/include/c++/9.2.1/aarch64-none-linux-gnu]
    add: [/usr/local/aarch64-none-linux-gnu-arm-9.2-2019.12/bin/../lib/gcc/aarch64-none-linux-gnu/9.2.1/../../../../aarch64-none-linux-gnu/include/c++/9.2.1/backward]
    add: [/usr/local/aarch64-none-linux-gnu-arm-9.2-2019.12/bin/../lib/gcc/aarch64-none-linux-gnu/9.2.1/include]
    add: [/usr/local/aarch64-none-linux-gnu-arm-9.2-2019.12/bin/../lib/gcc/aarch64-none-linux-gnu/9.2.1/include-fixed]
    add: [/usr/local/aarch64-none-linux-gnu-arm-9.2-2019.12/bin/../lib/gcc/aarch64-none-linux-gnu/9.2.1/../../../../aarch64-none-linux-gnu/include]
    add: [/usr/local/aarch64-none-linux-gnu-arm-9.2-2019.12/bin/../aarch64-none-linux-gnu/libc/usr/include]
  end of search list found
  collapse include dir [/usr/local/aarch64-none-linux-gnu-arm-9.2-2019.12/bin/../lib/gcc/aarch64-none-linux-gnu/9.2.1/../../../../aarch64-none-linux-gnu/include/c++/9.2.1] ==> [/usr/local/aarch64-none-linux-gnu-arm-9.2-2019.12/aarch64-none-linux-gnu/include/c++/9.2.1]
  collapse include dir [/usr/local/aarch64-none-linux-gnu-arm-9.2-2019.12/bin/../lib/gcc/aarch64-none-linux-gnu/9.2.1/../../../../aarch64-none-linux-gnu/include/c++/9.2.1/aarch64-none-linux-gnu] ==> [/usr/local/aarch64-none-linux-gnu-arm-9.2-2019.12/aarch64-none-linux-gnu/include/c++/9.2.1/aarch64-none-linux-gnu]
  collapse include dir [/usr/local/aarch64-none-linux-gnu-arm-9.2-2019.12/bin/../lib/gcc/aarch64-none-linux-gnu/9.2.1/../../../../aarch64-none-linux-gnu/include/c++/9.2.1/backward] ==> [/usr/local/aarch64-none-linux-gnu-arm-9.2-2019.12/aarch64-none-linux-gnu/include/c++/9.2.1/backward]
  collapse include dir [/usr/local/aarch64-none-linux-gnu-arm-9.2-2019.12/bin/../lib/gcc/aarch64-none-linux-gnu/9.2.1/include] ==> [/usr/local/aarch64-none-linux-gnu-arm-9.2-2019.12/lib/gcc/aarch64-none-linux-gnu/9.2.1/include]
  collapse include dir [/usr/local/aarch64-none-linux-gnu-arm-9.2-2019.12/bin/../lib/gcc/aarch64-none-linux-gnu/9.2.1/include-fixed] ==> [/usr/local/aarch64-none-linux-gnu-arm-9.2-2019.12/lib/gcc/aarch64-none-linux-gnu/9.2.1/include-fixed]
  collapse include dir [/usr/local/aarch64-none-linux-gnu-arm-9.2-2019.12/bin/../lib/gcc/aarch64-none-linux-gnu/9.2.1/../../../../aarch64-none-linux-gnu/include] ==> [/usr/local/aarch64-none-linux-gnu-arm-9.2-2019.12/aarch64-none-linux-gnu/include]
  collapse include dir [/usr/local/aarch64-none-linux-gnu-arm-9.2-2019.12/bin/../aarch64-none-linux-gnu/libc/usr/include] ==> [/usr/local/aarch64-none-linux-gnu-arm-9.2-2019.12/aarch64-none-linux-gnu/libc/usr/include]
  implicit include dirs: [/usr/local/aarch64-none-linux-gnu-arm-9.2-2019.12/aarch64-none-linux-gnu/include/c++/9.2.1;/usr/local/aarch64-none-linux-gnu-arm-9.2-2019.12/aarch64-none-linux-gnu/include/c++/9.2.1/aarch64-none-linux-gnu;/usr/local/aarch64-none-linux-gnu-arm-9.2-2019.12/aarch64-none-linux-gnu/include/c++/9.2.1/backward;/usr/local/aarch64-none-linux-gnu-arm-9.2-2019.12/lib/gcc/aarch64-none-linux-gnu/9.2.1/include;/usr/local/aarch64-none-linux-gnu-arm-9.2-2019.12/lib/gcc/aarch64-none-linux-gnu/9.2.1/include-fixed;/usr/local/aarch64-none-linux-gnu-arm-9.2-2019.12/aarch64-none-linux-gnu/include;/usr/local/aarch64-none-linux-gnu-arm-9.2-2019.12/aarch64-none-linux-gnu/libc/usr/include]


Parsed CXX implicit link information from above output:
  link line regex: [^( *|.*[/\])(aarch64-none-linux-gnu-ld|CMAKE_LINK_STARTFILE-NOTFOUND|([^/\]+-)?ld|collect2)[^/\]*( |$)]
  ignore line: [Change Dir: /tmp/tmp.A9tFlhwc1F/cmake-build-debug/CMakeFiles/CMakeTmp]
  ignore line: []
  ignore line: [Run Build Command(s):/usr/bin/make -f Makefile cmTC_130bf/fast && /usr/bin/make  -f CMakeFiles/cmTC_130bf.dir/build.make CMakeFiles/cmTC_130bf.dir/build]
  ignore line: [make[1]: Entering directory '/tmp/tmp.A9tFlhwc1F/cmake-build-debug/CMakeFiles/CMakeTmp']
  ignore line: [Building CXX object CMakeFiles/cmTC_130bf.dir/CMakeCXXCompilerABI.cpp.o]
  ignore line: [/usr/local/aarch64-none-linux-gnu-arm-9.2-2019.12/bin/aarch64-none-linux-gnu-g++   -v -o CMakeFiles/cmTC_130bf.dir/CMakeCXXCompilerABI.cpp.o -c /usr/share/cmake-3.22/Modules/CMakeCXXCompilerABI.cpp]
  ignore line: [Using built-in specs.]
  ignore line: [COLLECT_GCC=/usr/local/aarch64-none-linux-gnu-arm-9.2-2019.12/bin/aarch64-none-linux-gnu-g++]
  ignore line: [Target: aarch64-none-linux-gnu]
  ignore line: [Configured with: /tmp/dgboter/bbs/rhev-vm2--rhe6x86_64/buildbot/rhe6x86_64--aarch64-none-linux-gnu/build/src/gcc/configure --target=aarch64-none-linux-gnu --prefix= --with-sysroot=/aarch64-none-linux-gnu/libc --with-build-sysroot=/tmp/dgboter/bbs/rhev-vm2--rhe6x86_64/buildbot/rhe6x86_64--aarch64-none-linux-gnu/build/build-aarch64-none-linux-gnu/install//aarch64-none-linux-gnu/libc --with-bugurl=https://bugs.linaro.org/ --enable-gnu-indirect-function --enable-shared --disable-libssp --disable-libmudflap --enable-checking=release --enable-languages=c c++ fortran --with-gmp=/tmp/dgboter/bbs/rhev-vm2--rhe6x86_64/buildbot/rhe6x86_64--aarch64-none-linux-gnu/build/build-aarch64-none-linux-gnu/host-tools --with-mpfr=/tmp/dgboter/bbs/rhev-vm2--rhe6x86_64/buildbot/rhe6x86_64--aarch64-none-linux-gnu/build/build-aarch64-none-linux-gnu/host-tools --with-mpc=/tmp/dgboter/bbs/rhev-vm2--rhe6x86_64/buildbot/rhe6x86_64--aarch64-none-linux-gnu/build/build-aarch64-none-linux-gnu/host-tools --with-isl=/tmp/dgboter/bbs/rhev-vm2--rhe6x86_64/buildbot/rhe6x86_64--aarch64-none-linux-gnu/build/build-aarch64-none-linux-gnu/host-tools --enable-fix-cortex-a53-843419 --with-pkgversion='GNU Toolchain for the A-profile Architecture 9.2-2019.12 (arm-9.10)']
  ignore line: [Thread model: posix]
  ignore line: [gcc version 9.2.1 20191025 (GNU Toolchain for the A-profile Architecture 9.2-2019.12 (arm-9.10)) ]
  ignore line: [COLLECT_GCC_OPTIONS='-v' '-o' 'CMakeFiles/cmTC_130bf.dir/CMakeCXXCompilerABI.cpp.o' '-c' '-shared-libgcc' '-mlittle-endian' '-mabi=lp64']
  ignore line: [ /usr/local/aarch64-none-linux-gnu-arm-9.2-2019.12/bin/../libexec/gcc/aarch64-none-linux-gnu/9.2.1/cc1plus -quiet -v -iprefix /usr/local/aarch64-none-linux-gnu-arm-9.2-2019.12/bin/../lib/gcc/aarch64-none-linux-gnu/9.2.1/ -isysroot /usr/local/aarch64-none-linux-gnu-arm-9.2-2019.12/bin/../aarch64-none-linux-gnu/libc -D_GNU_SOURCE /usr/share/cmake-3.22/Modules/CMakeCXXCompilerABI.cpp -quiet -dumpbase CMakeCXXCompilerABI.cpp -mlittle-endian -mabi=lp64 -auxbase-strip CMakeFiles/cmTC_130bf.dir/CMakeCXXCompilerABI.cpp.o -version -o /tmp/ccyplnPa.s]
  ignore line: [GNU C++14 (GNU Toolchain for the A-profile Architecture 9.2-2019.12 (arm-9.10)) version 9.2.1 20191025 (aarch64-none-linux-gnu)]
  ignore line: [	compiled by GNU C version 4.8.1  GMP version 4.3.2  MPFR version 3.1.6  MPC version 1.0.3  isl version isl-0.15-1-g835ea3a-GMP]
  ignore line: []
  ignore line: [GGC heuristics: --param ggc-min-expand=100 --param ggc-min-heapsize=131072]
  ignore line: [ignoring duplicate directory "/usr/local/aarch64-none-linux-gnu-arm-9.2-2019.12/bin/../lib/gcc/../../lib/gcc/aarch64-none-linux-gnu/9.2.1/../../../../aarch64-none-linux-gnu/include/c++/9.2.1"]
  ignore line: [ignoring duplicate directory "/usr/local/aarch64-none-linux-gnu-arm-9.2-2019.12/bin/../lib/gcc/../../lib/gcc/aarch64-none-linux-gnu/9.2.1/../../../../aarch64-none-linux-gnu/include/c++/9.2.1/aarch64-none-linux-gnu"]
  ignore line: [ignoring duplicate directory "/usr/local/aarch64-none-linux-gnu-arm-9.2-2019.12/bin/../lib/gcc/../../lib/gcc/aarch64-none-linux-gnu/9.2.1/../../../../aarch64-none-linux-gnu/include/c++/9.2.1/backward"]
  ignore line: [ignoring duplicate directory "/usr/local/aarch64-none-linux-gnu-arm-9.2-2019.12/bin/../lib/gcc/../../lib/gcc/aarch64-none-linux-gnu/9.2.1/include"]
  ignore line: [ignoring nonexistent directory "/usr/local/aarch64-none-linux-gnu-arm-9.2-2019.12/bin/../aarch64-none-linux-gnu/libc/usr/local/include"]
  ignore line: [ignoring duplicate directory "/usr/local/aarch64-none-linux-gnu-arm-9.2-2019.12/bin/../lib/gcc/../../lib/gcc/aarch64-none-linux-gnu/9.2.1/include-fixed"]
  ignore line: [ignoring duplicate directory "/usr/local/aarch64-none-linux-gnu-arm-9.2-2019.12/bin/../lib/gcc/../../lib/gcc/aarch64-none-linux-gnu/9.2.1/../../../../aarch64-none-linux-gnu/include"]
  ignore line: [#include "..." search starts here:]
  ignore line: [#include <...> search starts here:]
  ignore line: [ /usr/local/aarch64-none-linux-gnu-arm-9.2-2019.12/bin/../lib/gcc/aarch64-none-linux-gnu/9.2.1/../../../../aarch64-none-linux-gnu/include/c++/9.2.1]
  ignore line: [ /usr/local/aarch64-none-linux-gnu-arm-9.2-2019.12/bin/../lib/gcc/aarch64-none-linux-gnu/9.2.1/../../../../aarch64-none-linux-gnu/include/c++/9.2.1/aarch64-none-linux-gnu]
  ignore line: [ /usr/local/aarch64-none-linux-gnu-arm-9.2-2019.12/bin/../lib/gcc/aarch64-none-linux-gnu/9.2.1/../../../../aarch64-none-linux-gnu/include/c++/9.2.1/backward]
  ignore line: [ /usr/local/aarch64-none-linux-gnu-arm-9.2-2019.12/bin/../lib/gcc/aarch64-none-linux-gnu/9.2.1/include]
  ignore line: [ /usr/local/aarch64-none-linux-gnu-arm-9.2-2019.12/bin/../lib/gcc/aarch64-none-linux-gnu/9.2.1/include-fixed]
  ignore line: [ /usr/local/aarch64-none-linux-gnu-arm-9.2-2019.12/bin/../lib/gcc/aarch64-none-linux-gnu/9.2.1/../../../../aarch64-none-linux-gnu/include]
  ignore line: [ /usr/local/aarch64-none-linux-gnu-arm-9.2-2019.12/bin/../aarch64-none-linux-gnu/libc/usr/include]
  ignore line: [End of search list.]
  ignore line: [GNU C++14 (GNU Toolchain for the A-profile Architecture 9.2-2019.12 (arm-9.10)) version 9.2.1 20191025 (aarch64-none-linux-gnu)]
  ignore line: [	compiled by GNU C version 4.8.1  GMP version 4.3.2  MPFR version 3.1.6  MPC version 1.0.3  isl version isl-0.15-1-g835ea3a-GMP]
  ignore line: []
  ignore line: [GGC heuristics: --param ggc-min-expand=100 --param ggc-min-heapsize=131072]
  ignore line: [Compiler executable checksum: 2c1b06ae38fc097703f75fa12d3b7029]
  ignore line: [COLLECT_GCC_OPTIONS='-v' '-o' 'CMakeFiles/cmTC_130bf.dir/CMakeCXXCompilerABI.cpp.o' '-c' '-shared-libgcc' '-mlittle-endian' '-mabi=lp64']
  ignore line: [ /usr/local/aarch64-none-linux-gnu-arm-9.2-2019.12/bin/../lib/gcc/aarch64-none-linux-gnu/9.2.1/../../../../aarch64-none-linux-gnu/bin/as -v -EL -mabi=lp64 -o CMakeFiles/cmTC_130bf.dir/CMakeCXXCompilerABI.cpp.o /tmp/ccyplnPa.s]
  ignore line: [GNU assembler version 2.33.1 (aarch64-none-linux-gnu) using BFD version (GNU Toolchain for the A-profile Architecture 9.2-2019.12 (arm-9.10)) 2.33.1.20191209]
  ignore line: [COMPILER_PATH=/usr/local/aarch64-none-linux-gnu-arm-9.2-2019.12/bin/../libexec/gcc/aarch64-none-linux-gnu/9.2.1/:/usr/local/aarch64-none-linux-gnu-arm-9.2-2019.12/bin/../libexec/gcc/:/usr/local/aarch64-none-linux-gnu-arm-9.2-2019.12/bin/../lib/gcc/aarch64-none-linux-gnu/9.2.1/../../../../aarch64-none-linux-gnu/bin/]
  ignore line: [LIBRARY_PATH=/usr/local/aarch64-none-linux-gnu-arm-9.2-2019.12/bin/../lib/gcc/aarch64-none-linux-gnu/9.2.1/:/usr/local/aarch64-none-linux-gnu-arm-9.2-2019.12/bin/../lib/gcc/:/usr/local/aarch64-none-linux-gnu-arm-9.2-2019.12/bin/../lib/gcc/aarch64-none-linux-gnu/9.2.1/../../../../aarch64-none-linux-gnu/lib/../lib64/:/usr/local/aarch64-none-linux-gnu-arm-9.2-2019.12/bin/../aarch64-none-linux-gnu/libc/lib/../lib64/:/usr/local/aarch64-none-linux-gnu-arm-9.2-2019.12/bin/../aarch64-none-linux-gnu/libc/usr/lib/../lib64/:/usr/local/aarch64-none-linux-gnu-arm-9.2-2019.12/bin/../lib/gcc/aarch64-none-linux-gnu/9.2.1/../../../../aarch64-none-linux-gnu/lib/:/usr/local/aarch64-none-linux-gnu-arm-9.2-2019.12/bin/../aarch64-none-linux-gnu/libc/lib/:/usr/local/aarch64-none-linux-gnu-arm-9.2-2019.12/bin/../aarch64-none-linux-gnu/libc/usr/lib/]
  ignore line: [COLLECT_GCC_OPTIONS='-v' '-o' 'CMakeFiles/cmTC_130bf.dir/CMakeCXXCompilerABI.cpp.o' '-c' '-shared-libgcc' '-mlittle-endian' '-mabi=lp64']
  ignore line: [Linking CXX executable cmTC_130bf]
  ignore line: [/usr/bin/cmake -E cmake_link_script CMakeFiles/cmTC_130bf.dir/link.txt --verbose=1]
  ignore line: [/usr/local/aarch64-none-linux-gnu-arm-9.2-2019.12/bin/aarch64-none-linux-gnu-g++  -v CMakeFiles/cmTC_130bf.dir/CMakeCXXCompilerABI.cpp.o -o cmTC_130bf ]
  ignore line: [Using built-in specs.]
  ignore line: [COLLECT_GCC=/usr/local/aarch64-none-linux-gnu-arm-9.2-2019.12/bin/aarch64-none-linux-gnu-g++]
  ignore line: [COLLECT_LTO_WRAPPER=/usr/local/aarch64-none-linux-gnu-arm-9.2-2019.12/bin/../libexec/gcc/aarch64-none-linux-gnu/9.2.1/lto-wrapper]
  ignore line: [Target: aarch64-none-linux-gnu]
  ignore line: [Configured with: /tmp/dgboter/bbs/rhev-vm2--rhe6x86_64/buildbot/rhe6x86_64--aarch64-none-linux-gnu/build/src/gcc/configure --target=aarch64-none-linux-gnu --prefix= --with-sysroot=/aarch64-none-linux-gnu/libc --with-build-sysroot=/tmp/dgboter/bbs/rhev-vm2--rhe6x86_64/buildbot/rhe6x86_64--aarch64-none-linux-gnu/build/build-aarch64-none-linux-gnu/install//aarch64-none-linux-gnu/libc --with-bugurl=https://bugs.linaro.org/ --enable-gnu-indirect-function --enable-shared --disable-libssp --disable-libmudflap --enable-checking=release --enable-languages=c c++ fortran --with-gmp=/tmp/dgboter/bbs/rhev-vm2--rhe6x86_64/buildbot/rhe6x86_64--aarch64-none-linux-gnu/build/build-aarch64-none-linux-gnu/host-tools --with-mpfr=/tmp/dgboter/bbs/rhev-vm2--rhe6x86_64/buildbot/rhe6x86_64--aarch64-none-linux-gnu/build/build-aarch64-none-linux-gnu/host-tools --with-mpc=/tmp/dgboter/bbs/rhev-vm2--rhe6x86_64/buildbot/rhe6x86_64--aarch64-none-linux-gnu/build/build-aarch64-none-linux-gnu/host-tools --with-isl=/tmp/dgboter/bbs/rhev-vm2--rhe6x86_64/buildbot/rhe6x86_64--aarch64-none-linux-gnu/build/build-aarch64-none-linux-gnu/host-tools --enable-fix-cortex-a53-843419 --with-pkgversion='GNU Toolchain for the A-profile Architecture 9.2-2019.12 (arm-9.10)']
  ignore line: [Thread model: posix]
  ignore line: [gcc version 9.2.1 20191025 (GNU Toolchain for the A-profile Architecture 9.2-2019.12 (arm-9.10)) ]
  ignore line: [COMPILER_PATH=/usr/local/aarch64-none-linux-gnu-arm-9.2-2019.12/bin/../libexec/gcc/aarch64-none-linux-gnu/9.2.1/:/usr/local/aarch64-none-linux-gnu-arm-9.2-2019.12/bin/../libexec/gcc/:/usr/local/aarch64-none-linux-gnu-arm-9.2-2019.12/bin/../lib/gcc/aarch64-none-linux-gnu/9.2.1/../../../../aarch64-none-linux-gnu/bin/]
  ignore line: [LIBRARY_PATH=/usr/local/aarch64-none-linux-gnu-arm-9.2-2019.12/bin/../lib/gcc/aarch64-none-linux-gnu/9.2.1/:/usr/local/aarch64-none-linux-gnu-arm-9.2-2019.12/bin/../lib/gcc/:/usr/local/aarch64-none-linux-gnu-arm-9.2-2019.12/bin/../lib/gcc/aarch64-none-linux-gnu/9.2.1/../../../../aarch64-none-linux-gnu/lib/../lib64/:/usr/local/aarch64-none-linux-gnu-arm-9.2-2019.12/bin/../aarch64-none-linux-gnu/libc/lib/../lib64/:/usr/local/aarch64-none-linux-gnu-arm-9.2-2019.12/bin/../aarch64-none-linux-gnu/libc/usr/lib/../lib64/:/usr/local/aarch64-none-linux-gnu-arm-9.2-2019.12/bin/../lib/gcc/aarch64-none-linux-gnu/9.2.1/../../../../aarch64-none-linux-gnu/lib/:/usr/local/aarch64-none-linux-gnu-arm-9.2-2019.12/bin/../aarch64-none-linux-gnu/libc/lib/:/usr/local/aarch64-none-linux-gnu-arm-9.2-2019.12/bin/../aarch64-none-linux-gnu/libc/usr/lib/]
  ignore line: [COLLECT_GCC_OPTIONS='-v' '-o' 'cmTC_130bf' '-shared-libgcc' '-mlittle-endian' '-mabi=lp64']
  link line: [ /usr/local/aarch64-none-linux-gnu-arm-9.2-2019.12/bin/../libexec/gcc/aarch64-none-linux-gnu/9.2.1/collect2 -plugin /usr/local/aarch64-none-linux-gnu-arm-9.2-2019.12/bin/../libexec/gcc/aarch64-none-linux-gnu/9.2.1/liblto_plugin.so -plugin-opt=/usr/local/aarch64-none-linux-gnu-arm-9.2-2019.12/bin/../libexec/gcc/aarch64-none-linux-gnu/9.2.1/lto-wrapper -plugin-opt=-fresolution=/tmp/ccKExxg6.res -plugin-opt=-pass-through=-lgcc_s -plugin-opt=-pass-through=-lgcc -plugin-opt=-pass-through=-lc -plugin-opt=-pass-through=-lgcc_s -plugin-opt=-pass-through=-lgcc --sysroot=/usr/local/aarch64-none-linux-gnu-arm-9.2-2019.12/bin/../aarch64-none-linux-gnu/libc --eh-frame-hdr -dynamic-linker /lib/ld-linux-aarch64.so.1 -X -EL -maarch64linux --fix-cortex-a53-843419 -o cmTC_130bf /usr/local/aarch64-none-linux-gnu-arm-9.2-2019.12/bin/../aarch64-none-linux-gnu/libc/usr/lib/../lib64/crt1.o /usr/local/aarch64-none-linux-gnu-arm-9.2-2019.12/bin/../aarch64-none-linux-gnu/libc/usr/lib/../lib64/crti.o /usr/local/aarch64-none-linux-gnu-arm-9.2-2019.12/bin/../lib/gcc/aarch64-none-linux-gnu/9.2.1/crtbegin.o -L/usr/local/aarch64-none-linux-gnu-arm-9.2-2019.12/bin/../lib/gcc/aarch64-none-linux-gnu/9.2.1 -L/usr/local/aarch64-none-linux-gnu-arm-9.2-2019.12/bin/../lib/gcc -L/usr/local/aarch64-none-linux-gnu-arm-9.2-2019.12/bin/../lib/gcc/aarch64-none-linux-gnu/9.2.1/../../../../aarch64-none-linux-gnu/lib/../lib64 -L/usr/local/aarch64-none-linux-gnu-arm-9.2-2019.12/bin/../aarch64-none-linux-gnu/libc/lib/../lib64 -L/usr/local/aarch64-none-linux-gnu-arm-9.2-2019.12/bin/../aarch64-none-linux-gnu/libc/usr/lib/../lib64 -L/usr/local/aarch64-none-linux-gnu-arm-9.2-2019.12/bin/../lib/gcc/aarch64-none-linux-gnu/9.2.1/../../../../aarch64-none-linux-gnu/lib -L/usr/local/aarch64-none-linux-gnu-arm-9.2-2019.12/bin/../aarch64-none-linux-gnu/libc/lib -L/usr/local/aarch64-none-linux-gnu-arm-9.2-2019.12/bin/../aarch64-none-linux-gnu/libc/usr/lib CMakeFiles/cmTC_130bf.dir/CMakeCXXCompilerABI.cpp.o -lstdc++ -lm -lgcc_s -lgcc -lc -lgcc_s -lgcc /usr/local/aarch64-none-linux-gnu-arm-9.2-2019.12/bin/../lib/gcc/aarch64-none-linux-gnu/9.2.1/crtend.o /usr/local/aarch64-none-linux-gnu-arm-9.2-2019.12/bin/../aarch64-none-linux-gnu/libc/usr/lib/../lib64/crtn.o]
    arg [/usr/local/aarch64-none-linux-gnu-arm-9.2-2019.12/bin/../libexec/gcc/aarch64-none-linux-gnu/9.2.1/collect2] ==> ignore
    arg [-plugin] ==> ignore
    arg [/usr/local/aarch64-none-linux-gnu-arm-9.2-2019.12/bin/../libexec/gcc/aarch64-none-linux-gnu/9.2.1/liblto_plugin.so] ==> ignore
    arg [-plugin-opt=/usr/local/aarch64-none-linux-gnu-arm-9.2-2019.12/bin/../libexec/gcc/aarch64-none-linux-gnu/9.2.1/lto-wrapper] ==> ignore
    arg [-plugin-opt=-fresolution=/tmp/ccKExxg6.res] ==> ignore
    arg [-plugin-opt=-pass-through=-lgcc_s] ==> ignore
    arg [-plugin-opt=-pass-through=-lgcc] ==> ignore
    arg [-plugin-opt=-pass-through=-lc] ==> ignore
    arg [-plugin-opt=-pass-through=-lgcc_s] ==> ignore
    arg [-plugin-opt=-pass-through=-lgcc] ==> ignore
    arg [--sysroot=/usr/local/aarch64-none-linux-gnu-arm-9.2-2019.12/bin/../aarch64-none-linux-gnu/libc] ==> ignore
    arg [--eh-frame-hdr] ==> ignore
    arg [-dynamic-linker] ==> ignore
    arg [/lib/ld-linux-aarch64.so.1] ==> ignore
    arg [-X] ==> ignore
    arg [-EL] ==> ignore
    arg [-maarch64linux] ==> ignore
    arg [--fix-cortex-a53-843419] ==> ignore
    arg [-o] ==> ignore
    arg [cmTC_130bf] ==> ignore
    arg [/usr/local/aarch64-none-linux-gnu-arm-9.2-2019.12/bin/../aarch64-none-linux-gnu/libc/usr/lib/../lib64/crt1.o] ==> obj [/usr/local/aarch64-none-linux-gnu-arm-9.2-2019.12/bin/../aarch64-none-linux-gnu/libc/usr/lib/../lib64/crt1.o]
    arg [/usr/local/aarch64-none-linux-gnu-arm-9.2-2019.12/bin/../aarch64-none-linux-gnu/libc/usr/lib/../lib64/crti.o] ==> obj [/usr/local/aarch64-none-linux-gnu-arm-9.2-2019.12/bin/../aarch64-none-linux-gnu/libc/usr/lib/../lib64/crti.o]
    arg [/usr/local/aarch64-none-linux-gnu-arm-9.2-2019.12/bin/../lib/gcc/aarch64-none-linux-gnu/9.2.1/crtbegin.o] ==> obj [/usr/local/aarch64-none-linux-gnu-arm-9.2-2019.12/bin/../lib/gcc/aarch64-none-linux-gnu/9.2.1/crtbegin.o]
    arg [-L/usr/local/aarch64-none-linux-gnu-arm-9.2-2019.12/bin/../lib/gcc/aarch64-none-linux-gnu/9.2.1] ==> dir [/usr/local/aarch64-none-linux-gnu-arm-9.2-2019.12/bin/../lib/gcc/aarch64-none-linux-gnu/9.2.1]
    arg [-L/usr/local/aarch64-none-linux-gnu-arm-9.2-2019.12/bin/../lib/gcc] ==> dir [/usr/local/aarch64-none-linux-gnu-arm-9.2-2019.12/bin/../lib/gcc]
    arg [-L/usr/local/aarch64-none-linux-gnu-arm-9.2-2019.12/bin/../lib/gcc/aarch64-none-linux-gnu/9.2.1/../../../../aarch64-none-linux-gnu/lib/../lib64] ==> dir [/usr/local/aarch64-none-linux-gnu-arm-9.2-2019.12/bin/../lib/gcc/aarch64-none-linux-gnu/9.2.1/../../../../aarch64-none-linux-gnu/lib/../lib64]
    arg [-L/usr/local/aarch64-none-linux-gnu-arm-9.2-2019.12/bin/../aarch64-none-linux-gnu/libc/lib/../lib64] ==> dir [/usr/local/aarch64-none-linux-gnu-arm-9.2-2019.12/bin/../aarch64-none-linux-gnu/libc/lib/../lib64]
    arg [-L/usr/local/aarch64-none-linux-gnu-arm-9.2-2019.12/bin/../aarch64-none-linux-gnu/libc/usr/lib/../lib64] ==> dir [/usr/local/aarch64-none-linux-gnu-arm-9.2-2019.12/bin/../aarch64-none-linux-gnu/libc/usr/lib/../lib64]
    arg [-L/usr/local/aarch64-none-linux-gnu-arm-9.2-2019.12/bin/../lib/gcc/aarch64-none-linux-gnu/9.2.1/../../../../aarch64-none-linux-gnu/lib] ==> dir [/usr/local/aarch64-none-linux-gnu-arm-9.2-2019.12/bin/../lib/gcc/aarch64-none-linux-gnu/9.2.1/../../../../aarch64-none-linux-gnu/lib]
    arg [-L/usr/local/aarch64-none-linux-gnu-arm-9.2-2019.12/bin/../aarch64-none-linux-gnu/libc/lib] ==> dir [/usr/local/aarch64-none-linux-gnu-arm-9.2-2019.12/bin/../aarch64-none-linux-gnu/libc/lib]
    arg [-L/usr/local/aarch64-none-linux-gnu-arm-9.2-2019.12/bin/../aarch64-none-linux-gnu/libc/usr/lib] ==> dir [/usr/local/aarch64-none-linux-gnu-arm-9.2-2019.12/bin/../aarch64-none-linux-gnu/libc/usr/lib]
    arg [CMakeFiles/cmTC_130bf.dir/CMakeCXXCompilerABI.cpp.o] ==> ignore
    arg [-lstdc++] ==> lib [stdc++]
    arg [-lm] ==> lib [m]
    arg [-lgcc_s] ==> lib [gcc_s]
    arg [-lgcc] ==> lib [gcc]
    arg [-lc] ==> lib [c]
    arg [-lgcc_s] ==> lib [gcc_s]
    arg [-lgcc] ==> lib [gcc]
    arg [/usr/local/aarch64-none-linux-gnu-arm-9.2-2019.12/bin/../lib/gcc/aarch64-none-linux-gnu/9.2.1/crtend.o] ==> obj [/usr/local/aarch64-none-linux-gnu-arm-9.2-2019.12/bin/../lib/gcc/aarch64-none-linux-gnu/9.2.1/crtend.o]
    arg [/usr/local/aarch64-none-linux-gnu-arm-9.2-2019.12/bin/../aarch64-none-linux-gnu/libc/usr/lib/../lib64/crtn.o] ==> obj [/usr/local/aarch64-none-linux-gnu-arm-9.2-2019.12/bin/../aarch64-none-linux-gnu/libc/usr/lib/../lib64/crtn.o]
  collapse obj [/usr/local/aarch64-none-linux-gnu-arm-9.2-2019.12/bin/../aarch64-none-linux-gnu/libc/usr/lib/../lib64/crt1.o] ==> [/usr/local/aarch64-none-linux-gnu-arm-9.2-2019.12/aarch64-none-linux-gnu/libc/usr/lib64/crt1.o]
  collapse obj [/usr/local/aarch64-none-linux-gnu-arm-9.2-2019.12/bin/../aarch64-none-linux-gnu/libc/usr/lib/../lib64/crti.o] ==> [/usr/local/aarch64-none-linux-gnu-arm-9.2-2019.12/aarch64-none-linux-gnu/libc/usr/lib64/crti.o]
  collapse obj [/usr/local/aarch64-none-linux-gnu-arm-9.2-2019.12/bin/../lib/gcc/aarch64-none-linux-gnu/9.2.1/crtbegin.o] ==> [/usr/local/aarch64-none-linux-gnu-arm-9.2-2019.12/lib/gcc/aarch64-none-linux-gnu/9.2.1/crtbegin.o]
  collapse obj [/usr/local/aarch64-none-linux-gnu-arm-9.2-2019.12/bin/../lib/gcc/aarch64-none-linux-gnu/9.2.1/crtend.o] ==> [/usr/local/aarch64-none-linux-gnu-arm-9.2-2019.12/lib/gcc/aarch64-none-linux-gnu/9.2.1/crtend.o]
  collapse obj [/usr/local/aarch64-none-linux-gnu-arm-9.2-2019.12/bin/../aarch64-none-linux-gnu/libc/usr/lib/../lib64/crtn.o] ==> [/usr/local/aarch64-none-linux-gnu-arm-9.2-2019.12/aarch64-none-linux-gnu/libc/usr/lib64/crtn.o]
  collapse library dir [/usr/local/aarch64-none-linux-gnu-arm-9.2-2019.12/bin/../lib/gcc/aarch64-none-linux-gnu/9.2.1] ==> [/usr/local/aarch64-none-linux-gnu-arm-9.2-2019.12/lib/gcc/aarch64-none-linux-gnu/9.2.1]
  collapse library dir [/usr/local/aarch64-none-linux-gnu-arm-9.2-2019.12/bin/../lib/gcc] ==> [/usr/local/aarch64-none-linux-gnu-arm-9.2-2019.12/lib/gcc]
  collapse library dir [/usr/local/aarch64-none-linux-gnu-arm-9.2-2019.12/bin/../lib/gcc/aarch64-none-linux-gnu/9.2.1/../../../../aarch64-none-linux-gnu/lib/../lib64] ==> [/usr/local/aarch64-none-linux-gnu-arm-9.2-2019.12/aarch64-none-linux-gnu/lib64]
  collapse library dir [/usr/local/aarch64-none-linux-gnu-arm-9.2-2019.12/bin/../aarch64-none-linux-gnu/libc/lib/../lib64] ==> [/usr/local/aarch64-none-linux-gnu-arm-9.2-2019.12/aarch64-none-linux-gnu/libc/lib64]
  collapse library dir [/usr/local/aarch64-none-linux-gnu-arm-9.2-2019.12/bin/../aarch64-none-linux-gnu/libc/usr/lib/../lib64] ==> [/usr/local/aarch64-none-linux-gnu-arm-9.2-2019.12/aarch64-none-linux-gnu/libc/usr/lib64]
  collapse library dir [/usr/local/aarch64-none-linux-gnu-arm-9.2-2019.12/bin/../lib/gcc/aarch64-none-linux-gnu/9.2.1/../../../../aarch64-none-linux-gnu/lib] ==> [/usr/local/aarch64-none-linux-gnu-arm-9.2-2019.12/aarch64-none-linux-gnu/lib]
  collapse library dir [/usr/local/aarch64-none-linux-gnu-arm-9.2-2019.12/bin/../aarch64-none-linux-gnu/libc/lib] ==> [/usr/local/aarch64-none-linux-gnu-arm-9.2-2019.12/aarch64-none-linux-gnu/libc/lib]
  collapse library dir [/usr/local/aarch64-none-linux-gnu-arm-9.2-2019.12/bin/../aarch64-none-linux-gnu/libc/usr/lib] ==> [/usr/local/aarch64-none-linux-gnu-arm-9.2-2019.12/aarch64-none-linux-gnu/libc/usr/lib]
  implicit libs: [stdc++;m;gcc_s;gcc;c;gcc_s;gcc]
  implicit objs: [/usr/local/aarch64-none-linux-gnu-arm-9.2-2019.12/aarch64-none-linux-gnu/libc/usr/lib64/crt1.o;/usr/local/aarch64-none-linux-gnu-arm-9.2-2019.12/aarch64-none-linux-gnu/libc/usr/lib64/crti.o;/usr/local/aarch64-none-linux-gnu-arm-9.2-2019.12/lib/gcc/aarch64-none-linux-gnu/9.2.1/crtbegin.o;/usr/local/aarch64-none-linux-gnu-arm-9.2-2019.12/lib/gcc/aarch64-none-linux-gnu/9.2.1/crtend.o;/usr/local/aarch64-none-linux-gnu-arm-9.2-2019.12/aarch64-none-linux-gnu/libc/usr/lib64/crtn.o]
  implicit dirs: [/usr/local/aarch64-none-linux-gnu-arm-9.2-2019.12/lib/gcc/aarch64-none-linux-gnu/9.2.1;/usr/local/aarch64-none-linux-gnu-arm-9.2-2019.12/lib/gcc;/usr/local/aarch64-none-linux-gnu-arm-9.2-2019.12/aarch64-none-linux-gnu/lib64;/usr/local/aarch64-none-linux-gnu-arm-9.2-2019.12/aarch64-none-linux-gnu/libc/lib64;/usr/local/aarch64-none-linux-gnu-arm-9.2-2019.12/aarch64-none-linux-gnu/libc/usr/lib64;/usr/local/aarch64-none-linux-gnu-arm-9.2-2019.12/aarch64-none-linux-gnu/lib;/usr/local/aarch64-none-linux-gnu-arm-9.2-2019.12/aarch64-none-linux-gnu/libc/lib;/usr/local/aarch64-none-linux-gnu-arm-9.2-2019.12/aarch64-none-linux-gnu/libc/usr/lib]
  implicit fwks: []


